[2021-02-08 11:58:16] production.ERROR: SQLSTATE[42S21]: Column already exists: 1060 Duplicate column name 'id' (SQL: alter table `fx_hooks` add `id` int unsigned not null auto_increment primary key) {"exception":"[object] (Illuminate\\Database\\QueryException(code: 42S21): SQLSTATE[42S21]: Column already exists: 1060 Duplicate column name 'id' (SQL: alter table `fx_hooks` add `id` int unsigned not null auto_increment primary key) at C:\\xampp2\\htdocs\\NETIC360APP\\vendor\\laravel\\framework\\src\\Illuminate\\Database\\Connection.php:678)
[stacktrace]
#0 C:\\xampp2\\htdocs\\NETIC360APP\\vendor\\laravel\\framework\\src\\Illuminate\\Database\\Connection.php(638): Illuminate\\Database\\Connection->runQueryCallback('alter table `fx...', Array, Object(Closure))
#1 C:\\xampp2\\htdocs\\NETIC360APP\\vendor\\laravel\\framework\\src\\Illuminate\\Database\\Connection.php(472): Illuminate\\Database\\Connection->run('alter table `fx...', Array, Object(Closure))
#2 C:\\xampp2\\htdocs\\NETIC360APP\\vendor\\laravel\\framework\\src\\Illuminate\\Database\\Schema\\Blueprint.php(102): Illuminate\\Database\\Connection->statement('alter table `fx...')
#3 C:\\xampp2\\htdocs\\NETIC360APP\\vendor\\laravel\\framework\\src\\Illuminate\\Database\\Schema\\Builder.php(359): Illuminate\\Database\\Schema\\Blueprint->build(Object(Illuminate\\Database\\MySqlConnection), Object(Illuminate\\Database\\Schema\\Grammars\\MySqlGrammar))
#4 C:\\xampp2\\htdocs\\NETIC360APP\\vendor\\laravel\\framework\\src\\Illuminate\\Database\\Schema\\Builder.php(206): Illuminate\\Database\\Schema\\Builder->build(Object(Illuminate\\Database\\Schema\\Blueprint))
#5 C:\\xampp2\\htdocs\\NETIC360APP\\vendor\\laravel\\framework\\src\\Illuminate\\Support\\Facades\\Facade.php(261): Illuminate\\Database\\Schema\\Builder->table('hooks', Object(Closure))
#6 C:\\xampp2\\htdocs\\NETIC360APP\\Modules\\Settings\\Database\\Migrations\\2019_06_13_072926_add_id_to_menus.php(20): Illuminate\\Support\\Facades\\Facade::__callStatic('table', Array)
#7 C:\\xampp2\\htdocs\\NETIC360APP\\vendor\\laravel\\framework\\src\\Illuminate\\Database\\Migrations\\Migrator.php(392): AddIdToMenus->up()
#8 C:\\xampp2\\htdocs\\NETIC360APP\\vendor\\laravel\\framework\\src\\Illuminate\\Database\\Migrations\\Migrator.php(401): Illuminate\\Database\\Migrations\\Migrator->Illuminate\\Database\\Migrations\\{closure}()
#9 C:\\xampp2\\htdocs\\NETIC360APP\\vendor\\laravel\\framework\\src\\Illuminate\\Database\\Migrations\\Migrator.php(200): Illuminate\\Database\\Migrations\\Migrator->runMigration(Object(AddIdToMenus), 'up')
#10 C:\\xampp2\\htdocs\\NETIC360APP\\vendor\\laravel\\framework\\src\\Illuminate\\Database\\Migrations\\Migrator.php(165): Illuminate\\Database\\Migrations\\Migrator->runUp('C:\\\\xampp2\\\\htdoc...', 2, false)
#11 C:\\xampp2\\htdocs\\NETIC360APP\\vendor\\laravel\\framework\\src\\Illuminate\\Database\\Migrations\\Migrator.php(110): Illuminate\\Database\\Migrations\\Migrator->runPending(Array, Array)
#12 C:\\xampp2\\htdocs\\NETIC360APP\\vendor\\laravel\\framework\\src\\Illuminate\\Database\\Console\\Migrations\\MigrateCommand.php(85): Illuminate\\Database\\Migrations\\Migrator->run(Array, Array)
#13 C:\\xampp2\\htdocs\\NETIC360APP\\vendor\\laravel\\framework\\src\\Illuminate\\Database\\Migrations\\Migrator.php(541): Illuminate\\Database\\Console\\Migrations\\MigrateCommand->Illuminate\\Database\\Console\\Migrations\\{closure}()
#14 C:\\xampp2\\htdocs\\NETIC360APP\\vendor\\laravel\\framework\\src\\Illuminate\\Database\\Console\\Migrations\\MigrateCommand.php(94): Illuminate\\Database\\Migrations\\Migrator->usingConnection(NULL, Object(Closure))
#15 C:\\xampp2\\htdocs\\NETIC360APP\\vendor\\laravel\\framework\\src\\Illuminate\\Container\\BoundMethod.php(36): Illuminate\\Database\\Console\\Migrations\\MigrateCommand->handle()
#16 C:\\xampp2\\htdocs\\NETIC360APP\\vendor\\laravel\\framework\\src\\Illuminate\\Container\\Util.php(40): Illuminate\\Container\\BoundMethod::Illuminate\\Container\\{closure}()
#17 C:\\xampp2\\htdocs\\NETIC360APP\\vendor\\laravel\\framework\\src\\Illuminate\\Container\\BoundMethod.php(93): Illuminate\\Container\\Util::unwrapIfClosure(Object(Closure))
#18 C:\\xampp2\\htdocs\\NETIC360APP\\vendor\\laravel\\framework\\src\\Illuminate\\Container\\BoundMethod.php(37): Illuminate\\Container\\BoundMethod::callBoundMethod(Object(Illuminate\\Foundation\\Application), Array, Object(Closure))
#19 C:\\xampp2\\htdocs\\NETIC360APP\\vendor\\laravel\\framework\\src\\Illuminate\\Container\\Container.php(610): Illuminate\\Container\\BoundMethod::call(Object(Illuminate\\Foundation\\Application), Array, Array, NULL)
#20 C:\\xampp2\\htdocs\\NETIC360APP\\vendor\\laravel\\framework\\src\\Illuminate\\Console\\Command.php(136): Illuminate\\Container\\Container->call(Array)
#21 C:\\xampp2\\htdocs\\NETIC360APP\\vendor\\symfony\\console\\Command\\Command.php(256): Illuminate\\Console\\Command->execute(Object(Symfony\\Component\\Console\\Input\\ArgvInput), Object(Illuminate\\Console\\OutputStyle))
#22 C:\\xampp2\\htdocs\\NETIC360APP\\vendor\\laravel\\framework\\src\\Illuminate\\Console\\Command.php(121): Symfony\\Component\\Console\\Command\\Command->run(Object(Symfony\\Component\\Console\\Input\\ArgvInput), Object(Illuminate\\Console\\OutputStyle))
#23 C:\\xampp2\\htdocs\\NETIC360APP\\vendor\\symfony\\console\\Application.php(971): Illuminate\\Console\\Command->run(Object(Symfony\\Component\\Console\\Input\\ArgvInput), Object(Symfony\\Component\\Console\\Output\\ConsoleOutput))
#24 C:\\xampp2\\htdocs\\NETIC360APP\\vendor\\symfony\\console\\Application.php(290): Symfony\\Component\\Console\\Application->doRunCommand(Object(Illuminate\\Database\\Console\\Migrations\\MigrateCommand), Object(Symfony\\Component\\Console\\Input\\ArgvInput), Object(Symfony\\Component\\Console\\Output\\ConsoleOutput))
#25 C:\\xampp2\\htdocs\\NETIC360APP\\vendor\\symfony\\console\\Application.php(166): Symfony\\Component\\Console\\Application->doRun(Object(Symfony\\Component\\Console\\Input\\ArgvInput), Object(Symfony\\Component\\Console\\Output\\ConsoleOutput))
#26 C:\\xampp2\\htdocs\\NETIC360APP\\vendor\\laravel\\framework\\src\\Illuminate\\Console\\Application.php(93): Symfony\\Component\\Console\\Application->run(Object(Symfony\\Component\\Console\\Input\\ArgvInput), Object(Symfony\\Component\\Console\\Output\\ConsoleOutput))
#27 C:\\xampp2\\htdocs\\NETIC360APP\\vendor\\laravel\\framework\\src\\Illuminate\\Foundation\\Console\\Kernel.php(129): Illuminate\\Console\\Application->run(Object(Symfony\\Component\\Console\\Input\\ArgvInput), Object(Symfony\\Component\\Console\\Output\\ConsoleOutput))
#28 C:\\xampp2\\htdocs\\NETIC360APP\\artisan(35): Illuminate\\Foundation\\Console\\Kernel->handle(Object(Symfony\\Component\\Console\\Input\\ArgvInput), Object(Symfony\\Component\\Console\\Output\\ConsoleOutput))
#29 {main}

[previous exception] [object] (Doctrine\\DBAL\\Driver\\PDO\\Exception(code: 42S21): SQLSTATE[42S21]: Column already exists: 1060 Duplicate column name 'id' at C:\\xampp2\\htdocs\\NETIC360APP\\vendor\\doctrine\\dbal\\lib\\Doctrine\\DBAL\\Driver\\PDO\\Exception.php:18)
[stacktrace]
#0 C:\\xampp2\\htdocs\\NETIC360APP\\vendor\\doctrine\\dbal\\lib\\Doctrine\\DBAL\\Driver\\PDOStatement.php(117): Doctrine\\DBAL\\Driver\\PDO\\Exception::new(Object(PDOException))
#1 C:\\xampp2\\htdocs\\NETIC360APP\\vendor\\laravel\\framework\\src\\Illuminate\\Database\\Connection.php(471): Doctrine\\DBAL\\Driver\\PDOStatement->execute()
#2 C:\\xampp2\\htdocs\\NETIC360APP\\vendor\\laravel\\framework\\src\\Illuminate\\Database\\Connection.php(671): Illuminate\\Database\\Connection->Illuminate\\Database\\{closure}('alter table `fx...', Array)
#3 C:\\xampp2\\htdocs\\NETIC360APP\\vendor\\laravel\\framework\\src\\Illuminate\\Database\\Connection.php(638): Illuminate\\Database\\Connection->runQueryCallback('alter table `fx...', Array, Object(Closure))
#4 C:\\xampp2\\htdocs\\NETIC360APP\\vendor\\laravel\\framework\\src\\Illuminate\\Database\\Connection.php(472): Illuminate\\Database\\Connection->run('alter table `fx...', Array, Object(Closure))
#5 C:\\xampp2\\htdocs\\NETIC360APP\\vendor\\laravel\\framework\\src\\Illuminate\\Database\\Schema\\Blueprint.php(102): Illuminate\\Database\\Connection->statement('alter table `fx...')
#6 C:\\xampp2\\htdocs\\NETIC360APP\\vendor\\laravel\\framework\\src\\Illuminate\\Database\\Schema\\Builder.php(359): Illuminate\\Database\\Schema\\Blueprint->build(Object(Illuminate\\Database\\MySqlConnection), Object(Illuminate\\Database\\Schema\\Grammars\\MySqlGrammar))
#7 C:\\xampp2\\htdocs\\NETIC360APP\\vendor\\laravel\\framework\\src\\Illuminate\\Database\\Schema\\Builder.php(206): Illuminate\\Database\\Schema\\Builder->build(Object(Illuminate\\Database\\Schema\\Blueprint))
#8 C:\\xampp2\\htdocs\\NETIC360APP\\vendor\\laravel\\framework\\src\\Illuminate\\Support\\Facades\\Facade.php(261): Illuminate\\Database\\Schema\\Builder->table('hooks', Object(Closure))
#9 C:\\xampp2\\htdocs\\NETIC360APP\\Modules\\Settings\\Database\\Migrations\\2019_06_13_072926_add_id_to_menus.php(20): Illuminate\\Support\\Facades\\Facade::__callStatic('table', Array)
#10 C:\\xampp2\\htdocs\\NETIC360APP\\vendor\\laravel\\framework\\src\\Illuminate\\Database\\Migrations\\Migrator.php(392): AddIdToMenus->up()
#11 C:\\xampp2\\htdocs\\NETIC360APP\\vendor\\laravel\\framework\\src\\Illuminate\\Database\\Migrations\\Migrator.php(401): Illuminate\\Database\\Migrations\\Migrator->Illuminate\\Database\\Migrations\\{closure}()
#12 C:\\xampp2\\htdocs\\NETIC360APP\\vendor\\laravel\\framework\\src\\Illuminate\\Database\\Migrations\\Migrator.php(200): Illuminate\\Database\\Migrations\\Migrator->runMigration(Object(AddIdToMenus), 'up')
#13 C:\\xampp2\\htdocs\\NETIC360APP\\vendor\\laravel\\framework\\src\\Illuminate\\Database\\Migrations\\Migrator.php(165): Illuminate\\Database\\Migrations\\Migrator->runUp('C:\\\\xampp2\\\\htdoc...', 2, false)
#14 C:\\xampp2\\htdocs\\NETIC360APP\\vendor\\laravel\\framework\\src\\Illuminate\\Database\\Migrations\\Migrator.php(110): Illuminate\\Database\\Migrations\\Migrator->runPending(Array, Array)
#15 C:\\xampp2\\htdocs\\NETIC360APP\\vendor\\laravel\\framework\\src\\Illuminate\\Database\\Console\\Migrations\\MigrateCommand.php(85): Illuminate\\Database\\Migrations\\Migrator->run(Array, Array)
#16 C:\\xampp2\\htdocs\\NETIC360APP\\vendor\\laravel\\framework\\src\\Illuminate\\Database\\Migrations\\Migrator.php(541): Illuminate\\Database\\Console\\Migrations\\MigrateCommand->Illuminate\\Database\\Console\\Migrations\\{closure}()
#17 C:\\xampp2\\htdocs\\NETIC360APP\\vendor\\laravel\\framework\\src\\Illuminate\\Database\\Console\\Migrations\\MigrateCommand.php(94): Illuminate\\Database\\Migrations\\Migrator->usingConnection(NULL, Object(Closure))
#18 C:\\xampp2\\htdocs\\NETIC360APP\\vendor\\laravel\\framework\\src\\Illuminate\\Container\\BoundMethod.php(36): Illuminate\\Database\\Console\\Migrations\\MigrateCommand->handle()
#19 C:\\xampp2\\htdocs\\NETIC360APP\\vendor\\laravel\\framework\\src\\Illuminate\\Container\\Util.php(40): Illuminate\\Container\\BoundMethod::Illuminate\\Container\\{closure}()
#20 C:\\xampp2\\htdocs\\NETIC360APP\\vendor\\laravel\\framework\\src\\Illuminate\\Container\\BoundMethod.php(93): Illuminate\\Container\\Util::unwrapIfClosure(Object(Closure))
#21 C:\\xampp2\\htdocs\\NETIC360APP\\vendor\\laravel\\framework\\src\\Illuminate\\Container\\BoundMethod.php(37): Illuminate\\Container\\BoundMethod::callBoundMethod(Object(Illuminate\\Foundation\\Application), Array, Object(Closure))
#22 C:\\xampp2\\htdocs\\NETIC360APP\\vendor\\laravel\\framework\\src\\Illuminate\\Container\\Container.php(610): Illuminate\\Container\\BoundMethod::call(Object(Illuminate\\Foundation\\Application), Array, Array, NULL)
#23 C:\\xampp2\\htdocs\\NETIC360APP\\vendor\\laravel\\framework\\src\\Illuminate\\Console\\Command.php(136): Illuminate\\Container\\Container->call(Array)
#24 C:\\xampp2\\htdocs\\NETIC360APP\\vendor\\symfony\\console\\Command\\Command.php(256): Illuminate\\Console\\Command->execute(Object(Symfony\\Component\\Console\\Input\\ArgvInput), Object(Illuminate\\Console\\OutputStyle))
#25 C:\\xampp2\\htdocs\\NETIC360APP\\vendor\\laravel\\framework\\src\\Illuminate\\Console\\Command.php(121): Symfony\\Component\\Console\\Command\\Command->run(Object(Symfony\\Component\\Console\\Input\\ArgvInput), Object(Illuminate\\Console\\OutputStyle))
#26 C:\\xampp2\\htdocs\\NETIC360APP\\vendor\\symfony\\console\\Application.php(971): Illuminate\\Console\\Command->run(Object(Symfony\\Component\\Console\\Input\\ArgvInput), Object(Symfony\\Component\\Console\\Output\\ConsoleOutput))
#27 C:\\xampp2\\htdocs\\NETIC360APP\\vendor\\symfony\\console\\Application.php(290): Symfony\\Component\\Console\\Application->doRunCommand(Object(Illuminate\\Database\\Console\\Migrations\\MigrateCommand), Object(Symfony\\Component\\Console\\Input\\ArgvInput), Object(Symfony\\Component\\Console\\Output\\ConsoleOutput))
#28 C:\\xampp2\\htdocs\\NETIC360APP\\vendor\\symfony\\console\\Application.php(166): Symfony\\Component\\Console\\Application->doRun(Object(Symfony\\Component\\Console\\Input\\ArgvInput), Object(Symfony\\Component\\Console\\Output\\ConsoleOutput))
#29 C:\\xampp2\\htdocs\\NETIC360APP\\vendor\\laravel\\framework\\src\\Illuminate\\Console\\Application.php(93): Symfony\\Component\\Console\\Application->run(Object(Symfony\\Component\\Console\\Input\\ArgvInput), Object(Symfony\\Component\\Console\\Output\\ConsoleOutput))
#30 C:\\xampp2\\htdocs\\NETIC360APP\\vendor\\laravel\\framework\\src\\Illuminate\\Foundation\\Console\\Kernel.php(129): Illuminate\\Console\\Application->run(Object(Symfony\\Component\\Console\\Input\\ArgvInput), Object(Symfony\\Component\\Console\\Output\\ConsoleOutput))
#31 C:\\xampp2\\htdocs\\NETIC360APP\\artisan(35): Illuminate\\Foundation\\Console\\Kernel->handle(Object(Symfony\\Component\\Console\\Input\\ArgvInput), Object(Symfony\\Component\\Console\\Output\\ConsoleOutput))
#32 {main}

[previous exception] [object] (PDOException(code: 42S21): SQLSTATE[42S21]: Column already exists: 1060 Duplicate column name 'id' at C:\\xampp2\\htdocs\\NETIC360APP\\vendor\\doctrine\\dbal\\lib\\Doctrine\\DBAL\\Driver\\PDOStatement.php:115)
[stacktrace]
#0 C:\\xampp2\\htdocs\\NETIC360APP\\vendor\\doctrine\\dbal\\lib\\Doctrine\\DBAL\\Driver\\PDOStatement.php(115): PDOStatement->execute(NULL)
#1 C:\\xampp2\\htdocs\\NETIC360APP\\vendor\\laravel\\framework\\src\\Illuminate\\Database\\Connection.php(471): Doctrine\\DBAL\\Driver\\PDOStatement->execute()
#2 C:\\xampp2\\htdocs\\NETIC360APP\\vendor\\laravel\\framework\\src\\Illuminate\\Database\\Connection.php(671): Illuminate\\Database\\Connection->Illuminate\\Database\\{closure}('alter table `fx...', Array)
#3 C:\\xampp2\\htdocs\\NETIC360APP\\vendor\\laravel\\framework\\src\\Illuminate\\Database\\Connection.php(638): Illuminate\\Database\\Connection->runQueryCallback('alter table `fx...', Array, Object(Closure))
#4 C:\\xampp2\\htdocs\\NETIC360APP\\vendor\\laravel\\framework\\src\\Illuminate\\Database\\Connection.php(472): Illuminate\\Database\\Connection->run('alter table `fx...', Array, Object(Closure))
#5 C:\\xampp2\\htdocs\\NETIC360APP\\vendor\\laravel\\framework\\src\\Illuminate\\Database\\Schema\\Blueprint.php(102): Illuminate\\Database\\Connection->statement('alter table `fx...')
#6 C:\\xampp2\\htdocs\\NETIC360APP\\vendor\\laravel\\framework\\src\\Illuminate\\Database\\Schema\\Builder.php(359): Illuminate\\Database\\Schema\\Blueprint->build(Object(Illuminate\\Database\\MySqlConnection), Object(Illuminate\\Database\\Schema\\Grammars\\MySqlGrammar))
#7 C:\\xampp2\\htdocs\\NETIC360APP\\vendor\\laravel\\framework\\src\\Illuminate\\Database\\Schema\\Builder.php(206): Illuminate\\Database\\Schema\\Builder->build(Object(Illuminate\\Database\\Schema\\Blueprint))
#8 C:\\xampp2\\htdocs\\NETIC360APP\\vendor\\laravel\\framework\\src\\Illuminate\\Support\\Facades\\Facade.php(261): Illuminate\\Database\\Schema\\Builder->table('hooks', Object(Closure))
#9 C:\\xampp2\\htdocs\\NETIC360APP\\Modules\\Settings\\Database\\Migrations\\2019_06_13_072926_add_id_to_menus.php(20): Illuminate\\Support\\Facades\\Facade::__callStatic('table', Array)
#10 C:\\xampp2\\htdocs\\NETIC360APP\\vendor\\laravel\\framework\\src\\Illuminate\\Database\\Migrations\\Migrator.php(392): AddIdToMenus->up()
#11 C:\\xampp2\\htdocs\\NETIC360APP\\vendor\\laravel\\framework\\src\\Illuminate\\Database\\Migrations\\Migrator.php(401): Illuminate\\Database\\Migrations\\Migrator->Illuminate\\Database\\Migrations\\{closure}()
#12 C:\\xampp2\\htdocs\\NETIC360APP\\vendor\\laravel\\framework\\src\\Illuminate\\Database\\Migrations\\Migrator.php(200): Illuminate\\Database\\Migrations\\Migrator->runMigration(Object(AddIdToMenus), 'up')
#13 C:\\xampp2\\htdocs\\NETIC360APP\\vendor\\laravel\\framework\\src\\Illuminate\\Database\\Migrations\\Migrator.php(165): Illuminate\\Database\\Migrations\\Migrator->runUp('C:\\\\xampp2\\\\htdoc...', 2, false)
#14 C:\\xampp2\\htdocs\\NETIC360APP\\vendor\\laravel\\framework\\src\\Illuminate\\Database\\Migrations\\Migrator.php(110): Illuminate\\Database\\Migrations\\Migrator->runPending(Array, Array)
#15 C:\\xampp2\\htdocs\\NETIC360APP\\vendor\\laravel\\framework\\src\\Illuminate\\Database\\Console\\Migrations\\MigrateCommand.php(85): Illuminate\\Database\\Migrations\\Migrator->run(Array, Array)
#16 C:\\xampp2\\htdocs\\NETIC360APP\\vendor\\laravel\\framework\\src\\Illuminate\\Database\\Migrations\\Migrator.php(541): Illuminate\\Database\\Console\\Migrations\\MigrateCommand->Illuminate\\Database\\Console\\Migrations\\{closure}()
#17 C:\\xampp2\\htdocs\\NETIC360APP\\vendor\\laravel\\framework\\src\\Illuminate\\Database\\Console\\Migrations\\MigrateCommand.php(94): Illuminate\\Database\\Migrations\\Migrator->usingConnection(NULL, Object(Closure))
#18 C:\\xampp2\\htdocs\\NETIC360APP\\vendor\\laravel\\framework\\src\\Illuminate\\Container\\BoundMethod.php(36): Illuminate\\Database\\Console\\Migrations\\MigrateCommand->handle()
#19 C:\\xampp2\\htdocs\\NETIC360APP\\vendor\\laravel\\framework\\src\\Illuminate\\Container\\Util.php(40): Illuminate\\Container\\BoundMethod::Illuminate\\Container\\{closure}()
#20 C:\\xampp2\\htdocs\\NETIC360APP\\vendor\\laravel\\framework\\src\\Illuminate\\Container\\BoundMethod.php(93): Illuminate\\Container\\Util::unwrapIfClosure(Object(Closure))
#21 C:\\xampp2\\htdocs\\NETIC360APP\\vendor\\laravel\\framework\\src\\Illuminate\\Container\\BoundMethod.php(37): Illuminate\\Container\\BoundMethod::callBoundMethod(Object(Illuminate\\Foundation\\Application), Array, Object(Closure))
#22 C:\\xampp2\\htdocs\\NETIC360APP\\vendor\\laravel\\framework\\src\\Illuminate\\Container\\Container.php(610): Illuminate\\Container\\BoundMethod::call(Object(Illuminate\\Foundation\\Application), Array, Array, NULL)
#23 C:\\xampp2\\htdocs\\NETIC360APP\\vendor\\laravel\\framework\\src\\Illuminate\\Console\\Command.php(136): Illuminate\\Container\\Container->call(Array)
#24 C:\\xampp2\\htdocs\\NETIC360APP\\vendor\\symfony\\console\\Command\\Command.php(256): Illuminate\\Console\\Command->execute(Object(Symfony\\Component\\Console\\Input\\ArgvInput), Object(Illuminate\\Console\\OutputStyle))
#25 C:\\xampp2\\htdocs\\NETIC360APP\\vendor\\laravel\\framework\\src\\Illuminate\\Console\\Command.php(121): Symfony\\Component\\Console\\Command\\Command->run(Object(Symfony\\Component\\Console\\Input\\ArgvInput), Object(Illuminate\\Console\\OutputStyle))
#26 C:\\xampp2\\htdocs\\NETIC360APP\\vendor\\symfony\\console\\Application.php(971): Illuminate\\Console\\Command->run(Object(Symfony\\Component\\Console\\Input\\ArgvInput), Object(Symfony\\Component\\Console\\Output\\ConsoleOutput))
#27 C:\\xampp2\\htdocs\\NETIC360APP\\vendor\\symfony\\console\\Application.php(290): Symfony\\Component\\Console\\Application->doRunCommand(Object(Illuminate\\Database\\Console\\Migrations\\MigrateCommand), Object(Symfony\\Component\\Console\\Input\\ArgvInput), Object(Symfony\\Component\\Console\\Output\\ConsoleOutput))
#28 C:\\xampp2\\htdocs\\NETIC360APP\\vendor\\symfony\\console\\Application.php(166): Symfony\\Component\\Console\\Application->doRun(Object(Symfony\\Component\\Console\\Input\\ArgvInput), Object(Symfony\\Component\\Console\\Output\\ConsoleOutput))
#29 C:\\xampp2\\htdocs\\NETIC360APP\\vendor\\laravel\\framework\\src\\Illuminate\\Console\\Application.php(93): Symfony\\Component\\Console\\Application->run(Object(Symfony\\Component\\Console\\Input\\ArgvInput), Object(Symfony\\Component\\Console\\Output\\ConsoleOutput))
#30 C:\\xampp2\\htdocs\\NETIC360APP\\vendor\\laravel\\framework\\src\\Illuminate\\Foundation\\Console\\Kernel.php(129): Illuminate\\Console\\Application->run(Object(Symfony\\Component\\Console\\Input\\ArgvInput), Object(Symfony\\Component\\Console\\Output\\ConsoleOutput))
#31 C:\\xampp2\\htdocs\\NETIC360APP\\artisan(35): Illuminate\\Foundation\\Console\\Kernel->handle(Object(Symfony\\Component\\Console\\Input\\ArgvInput), Object(Symfony\\Component\\Console\\Output\\ConsoleOutput))
#32 {main}
"} 
[2021-02-08 16:37:13] production.ERROR: Invalid route action: [App\Http\Controllers\]. {"exception":"[object] (UnexpectedValueException(code: 0): Invalid route action: [App\\Http\\Controllers\\]. at C:\\xampp2\\htdocs\\NETIC360APP\\vendor\\laravel\\framework\\src\\Illuminate\\Routing\\RouteAction.php:92)
[stacktrace]
#0 C:\\xampp2\\htdocs\\NETIC360APP\\vendor\\laravel\\framework\\src\\Illuminate\\Routing\\RouteAction.php(47): Illuminate\\Routing\\RouteAction::makeInvokable('App\\\\Http\\\\Contro...')
#1 C:\\xampp2\\htdocs\\NETIC360APP\\vendor\\laravel\\framework\\src\\Illuminate\\Routing\\Route.php(183): Illuminate\\Routing\\RouteAction::parse('/', Array)
#2 C:\\xampp2\\htdocs\\NETIC360APP\\vendor\\laravel\\framework\\src\\Illuminate\\Routing\\Route.php(164): Illuminate\\Routing\\Route->parseAction(Array)
#3 C:\\xampp2\\htdocs\\NETIC360APP\\vendor\\laravel\\framework\\src\\Illuminate\\Routing\\Router.php(557): Illuminate\\Routing\\Route->__construct(Array, '/', Array)
#4 C:\\xampp2\\htdocs\\NETIC360APP\\vendor\\laravel\\framework\\src\\Illuminate\\Routing\\Router.php(476): Illuminate\\Routing\\Router->newRoute(Array, '/', Array)
#5 C:\\xampp2\\htdocs\\NETIC360APP\\vendor\\laravel\\framework\\src\\Illuminate\\Routing\\Router.php(455): Illuminate\\Routing\\Router->createRoute(Array, '/', Array)
#6 C:\\xampp2\\htdocs\\NETIC360APP\\vendor\\laravel\\framework\\src\\Illuminate\\Routing\\Router.php(147): Illuminate\\Routing\\Router->addRoute(Array, '/', '')
#7 C:\\xampp2\\htdocs\\NETIC360APP\\vendor\\laravel\\framework\\src\\Illuminate\\Support\\Facades\\Facade.php(261): Illuminate\\Routing\\Router->get('/', '')
#8 C:\\xampp2\\htdocs\\NETIC360APP\outes\\web.php(19): Illuminate\\Support\\Facades\\Facade::__callStatic('get', Array)
#9 C:\\xampp2\\htdocs\\NETIC360APP\\vendor\\laravel\\framework\\src\\Illuminate\\Routing\\RouteFileRegistrar.php(35): require('C:\\\\xampp2\\\\htdoc...')
#10 C:\\xampp2\\htdocs\\NETIC360APP\\vendor\\laravel\\framework\\src\\Illuminate\\Routing\\Router.php(425): Illuminate\\Routing\\RouteFileRegistrar->register('C:\\\\xampp2\\\\htdoc...')
#11 C:\\xampp2\\htdocs\\NETIC360APP\\vendor\\laravel\\framework\\src\\Illuminate\\Routing\\Router.php(382): Illuminate\\Routing\\Router->loadRoutes('C:\\\\xampp2\\\\htdoc...')
#12 C:\\xampp2\\htdocs\\NETIC360APP\\vendor\\laravel\\framework\\src\\Illuminate\\Routing\\RouteRegistrar.php(135): Illuminate\\Routing\\Router->group(Array, 'C:\\\\xampp2\\\\htdoc...')
#13 C:\\xampp2\\htdocs\\NETIC360APP\\app\\Providers\\RouteServiceProvider.php(56): Illuminate\\Routing\\RouteRegistrar->group('C:\\\\xampp2\\\\htdoc...')
#14 C:\\xampp2\\htdocs\\NETIC360APP\\app\\Providers\\RouteServiceProvider.php(40): App\\Providers\\RouteServiceProvider->mapWebRoutes()
#15 C:\\xampp2\\htdocs\\NETIC360APP\\vendor\\laravel\\framework\\src\\Illuminate\\Container\\BoundMethod.php(36): App\\Providers\\RouteServiceProvider->map()
#16 C:\\xampp2\\htdocs\\NETIC360APP\\vendor\\laravel\\framework\\src\\Illuminate\\Container\\Util.php(40): Illuminate\\Container\\BoundMethod::Illuminate\\Container\\{closure}()
#17 C:\\xampp2\\htdocs\\NETIC360APP\\vendor\\laravel\\framework\\src\\Illuminate\\Container\\BoundMethod.php(93): Illuminate\\Container\\Util::unwrapIfClosure(Object(Closure))
#18 C:\\xampp2\\htdocs\\NETIC360APP\\vendor\\laravel\\framework\\src\\Illuminate\\Container\\BoundMethod.php(37): Illuminate\\Container\\BoundMethod::callBoundMethod(Object(Illuminate\\Foundation\\Application), Array, Object(Closure))
#19 C:\\xampp2\\htdocs\\NETIC360APP\\vendor\\laravel\\framework\\src\\Illuminate\\Container\\Container.php(610): Illuminate\\Container\\BoundMethod::call(Object(Illuminate\\Foundation\\Application), Array, Array, NULL)
#20 C:\\xampp2\\htdocs\\NETIC360APP\\vendor\\laravel\\framework\\src\\Illuminate\\Foundation\\Support\\Providers\\RouteServiceProvider.php(122): Illuminate\\Container\\Container->call(Array)
#21 C:\\xampp2\\htdocs\\NETIC360APP\\vendor\\laravel\\framework\\src\\Illuminate\\Foundation\\Support\\Providers\\RouteServiceProvider.php(45): Illuminate\\Foundation\\Support\\Providers\\RouteServiceProvider->loadRoutes()
#22 C:\\xampp2\\htdocs\\NETIC360APP\\vendor\\laravel\\framework\\src\\Illuminate\\Container\\BoundMethod.php(36): Illuminate\\Foundation\\Support\\Providers\\RouteServiceProvider->Illuminate\\Foundation\\Support\\Providers\\{closure}()
#23 C:\\xampp2\\htdocs\\NETIC360APP\\vendor\\laravel\\framework\\src\\Illuminate\\Container\\Util.php(40): Illuminate\\Container\\BoundMethod::Illuminate\\Container\\{closure}()
#24 C:\\xampp2\\htdocs\\NETIC360APP\\vendor\\laravel\\framework\\src\\Illuminate\\Container\\BoundMethod.php(81): Illuminate\\Container\\Util::unwrapIfClosure(Object(Closure))
#25 C:\\xampp2\\htdocs\\NETIC360APP\\vendor\\laravel\\framework\\src\\Illuminate\\Container\\BoundMethod.php(37): Illuminate\\Container\\BoundMethod::callBoundMethod(Object(Illuminate\\Foundation\\Application), Object(Closure), Object(Closure))
#26 C:\\xampp2\\htdocs\\NETIC360APP\\vendor\\laravel\\framework\\src\\Illuminate\\Container\\Container.php(610): Illuminate\\Container\\BoundMethod::call(Object(Illuminate\\Foundation\\Application), Object(Closure), Array, NULL)
#27 C:\\xampp2\\htdocs\\NETIC360APP\\vendor\\laravel\\framework\\src\\Illuminate\\Support\\ServiceProvider.php(113): Illuminate\\Container\\Container->call(Object(Closure))
#28 C:\\xampp2\\htdocs\\NETIC360APP\\vendor\\laravel\\framework\\src\\Illuminate\\Foundation\\Application.php(902): Illuminate\\Support\\ServiceProvider->callBootedCallbacks()
#29 C:\\xampp2\\htdocs\\NETIC360APP\\vendor\\laravel\\framework\\src\\Illuminate\\Foundation\\Application.php(880): Illuminate\\Foundation\\Application->bootProvider(Object(App\\Providers\\RouteServiceProvider))
#30 [internal function]: Illuminate\\Foundation\\Application->Illuminate\\Foundation\\{closure}(Object(App\\Providers\\RouteServiceProvider), 58)
#31 C:\\xampp2\\htdocs\\NETIC360APP\\vendor\\laravel\\framework\\src\\Illuminate\\Foundation\\Application.php(881): array_walk(Array, Object(Closure))
#32 C:\\xampp2\\htdocs\\NETIC360APP\\vendor\\laravel\\framework\\src\\Illuminate\\Foundation\\Bootstrap\\BootProviders.php(17): Illuminate\\Foundation\\Application->boot()
#33 C:\\xampp2\\htdocs\\NETIC360APP\\vendor\\laravel\\framework\\src\\Illuminate\\Foundation\\Application.php(237): Illuminate\\Foundation\\Bootstrap\\BootProviders->bootstrap(Object(Illuminate\\Foundation\\Application))
#34 C:\\xampp2\\htdocs\\NETIC360APP\\vendor\\laravel\\framework\\src\\Illuminate\\Foundation\\Console\\Kernel.php(310): Illuminate\\Foundation\\Application->bootstrapWith(Array)
#35 C:\\xampp2\\htdocs\\NETIC360APP\\vendor\\laravel\\framework\\src\\Illuminate\\Foundation\\Console\\Kernel.php(127): Illuminate\\Foundation\\Console\\Kernel->bootstrap()
#36 Command line code(1): Illuminate\\Foundation\\Console\\Kernel->handle(Object(Symfony\\Component\\Console\\Input\\ArgvInput), Object(Symfony\\Component\\Console\\Output\\ConsoleOutput))
#37 {main}
"} 
[2021-02-08 16:37:54] production.ERROR: Invalid route action: [App\Http\Controllers\]. {"exception":"[object] (UnexpectedValueException(code: 0): Invalid route action: [App\\Http\\Controllers\\]. at C:\\xampp2\\htdocs\\NETIC360APP\\vendor\\laravel\\framework\\src\\Illuminate\\Routing\\RouteAction.php:92)
[stacktrace]
#0 C:\\xampp2\\htdocs\\NETIC360APP\\vendor\\laravel\\framework\\src\\Illuminate\\Routing\\RouteAction.php(47): Illuminate\\Routing\\RouteAction::makeInvokable('App\\\\Http\\\\Contro...')
#1 C:\\xampp2\\htdocs\\NETIC360APP\\vendor\\laravel\\framework\\src\\Illuminate\\Routing\\Route.php(183): Illuminate\\Routing\\RouteAction::parse('/', Array)
#2 C:\\xampp2\\htdocs\\NETIC360APP\\vendor\\laravel\\framework\\src\\Illuminate\\Routing\\Route.php(164): Illuminate\\Routing\\Route->parseAction(Array)
#3 C:\\xampp2\\htdocs\\NETIC360APP\\vendor\\laravel\\framework\\src\\Illuminate\\Routing\\Router.php(557): Illuminate\\Routing\\Route->__construct(Array, '/', Array)
#4 C:\\xampp2\\htdocs\\NETIC360APP\\vendor\\laravel\\framework\\src\\Illuminate\\Routing\\Router.php(476): Illuminate\\Routing\\Router->newRoute(Array, '/', Array)
#5 C:\\xampp2\\htdocs\\NETIC360APP\\vendor\\laravel\\framework\\src\\Illuminate\\Routing\\Router.php(455): Illuminate\\Routing\\Router->createRoute(Array, '/', Array)
#6 C:\\xampp2\\htdocs\\NETIC360APP\\vendor\\laravel\\framework\\src\\Illuminate\\Routing\\Router.php(147): Illuminate\\Routing\\Router->addRoute(Array, '/', '')
#7 C:\\xampp2\\htdocs\\NETIC360APP\\vendor\\laravel\\framework\\src\\Illuminate\\Support\\Facades\\Facade.php(261): Illuminate\\Routing\\Router->get('/', '')
#8 C:\\xampp2\\htdocs\\NETIC360APP\outes\\web.php(19): Illuminate\\Support\\Facades\\Facade::__callStatic('get', Array)
#9 C:\\xampp2\\htdocs\\NETIC360APP\\vendor\\laravel\\framework\\src\\Illuminate\\Routing\\RouteFileRegistrar.php(35): require('C:\\\\xampp2\\\\htdoc...')
#10 C:\\xampp2\\htdocs\\NETIC360APP\\vendor\\laravel\\framework\\src\\Illuminate\\Routing\\Router.php(425): Illuminate\\Routing\\RouteFileRegistrar->register('C:\\\\xampp2\\\\htdoc...')
#11 C:\\xampp2\\htdocs\\NETIC360APP\\vendor\\laravel\\framework\\src\\Illuminate\\Routing\\Router.php(382): Illuminate\\Routing\\Router->loadRoutes('C:\\\\xampp2\\\\htdoc...')
#12 C:\\xampp2\\htdocs\\NETIC360APP\\vendor\\laravel\\framework\\src\\Illuminate\\Routing\\RouteRegistrar.php(135): Illuminate\\Routing\\Router->group(Array, 'C:\\\\xampp2\\\\htdoc...')
#13 C:\\xampp2\\htdocs\\NETIC360APP\\app\\Providers\\RouteServiceProvider.php(56): Illuminate\\Routing\\RouteRegistrar->group('C:\\\\xampp2\\\\htdoc...')
#14 C:\\xampp2\\htdocs\\NETIC360APP\\app\\Providers\\RouteServiceProvider.php(40): App\\Providers\\RouteServiceProvider->mapWebRoutes()
#15 C:\\xampp2\\htdocs\\NETIC360APP\\vendor\\laravel\\framework\\src\\Illuminate\\Container\\BoundMethod.php(36): App\\Providers\\RouteServiceProvider->map()
#16 C:\\xampp2\\htdocs\\NETIC360APP\\vendor\\laravel\\framework\\src\\Illuminate\\Container\\Util.php(40): Illuminate\\Container\\BoundMethod::Illuminate\\Container\\{closure}()
#17 C:\\xampp2\\htdocs\\NETIC360APP\\vendor\\laravel\\framework\\src\\Illuminate\\Container\\BoundMethod.php(93): Illuminate\\Container\\Util::unwrapIfClosure(Object(Closure))
#18 C:\\xampp2\\htdocs\\NETIC360APP\\vendor\\laravel\\framework\\src\\Illuminate\\Container\\BoundMethod.php(37): Illuminate\\Container\\BoundMethod::callBoundMethod(Object(Illuminate\\Foundation\\Application), Array, Object(Closure))
#19 C:\\xampp2\\htdocs\\NETIC360APP\\vendor\\laravel\\framework\\src\\Illuminate\\Container\\Container.php(610): Illuminate\\Container\\BoundMethod::call(Object(Illuminate\\Foundation\\Application), Array, Array, NULL)
#20 C:\\xampp2\\htdocs\\NETIC360APP\\vendor\\laravel\\framework\\src\\Illuminate\\Foundation\\Support\\Providers\\RouteServiceProvider.php(122): Illuminate\\Container\\Container->call(Array)
#21 C:\\xampp2\\htdocs\\NETIC360APP\\vendor\\laravel\\framework\\src\\Illuminate\\Foundation\\Support\\Providers\\RouteServiceProvider.php(45): Illuminate\\Foundation\\Support\\Providers\\RouteServiceProvider->loadRoutes()
#22 C:\\xampp2\\htdocs\\NETIC360APP\\vendor\\laravel\\framework\\src\\Illuminate\\Container\\BoundMethod.php(36): Illuminate\\Foundation\\Support\\Providers\\RouteServiceProvider->Illuminate\\Foundation\\Support\\Providers\\{closure}()
#23 C:\\xampp2\\htdocs\\NETIC360APP\\vendor\\laravel\\framework\\src\\Illuminate\\Container\\Util.php(40): Illuminate\\Container\\BoundMethod::Illuminate\\Container\\{closure}()
#24 C:\\xampp2\\htdocs\\NETIC360APP\\vendor\\laravel\\framework\\src\\Illuminate\\Container\\BoundMethod.php(81): Illuminate\\Container\\Util::unwrapIfClosure(Object(Closure))
#25 C:\\xampp2\\htdocs\\NETIC360APP\\vendor\\laravel\\framework\\src\\Illuminate\\Container\\BoundMethod.php(37): Illuminate\\Container\\BoundMethod::callBoundMethod(Object(Illuminate\\Foundation\\Application), Object(Closure), Object(Closure))
#26 C:\\xampp2\\htdocs\\NETIC360APP\\vendor\\laravel\\framework\\src\\Illuminate\\Container\\Container.php(610): Illuminate\\Container\\BoundMethod::call(Object(Illuminate\\Foundation\\Application), Object(Closure), Array, NULL)
#27 C:\\xampp2\\htdocs\\NETIC360APP\\vendor\\laravel\\framework\\src\\Illuminate\\Support\\ServiceProvider.php(113): Illuminate\\Container\\Container->call(Object(Closure))
#28 C:\\xampp2\\htdocs\\NETIC360APP\\vendor\\laravel\\framework\\src\\Illuminate\\Foundation\\Application.php(902): Illuminate\\Support\\ServiceProvider->callBootedCallbacks()
#29 C:\\xampp2\\htdocs\\NETIC360APP\\vendor\\laravel\\framework\\src\\Illuminate\\Foundation\\Application.php(880): Illuminate\\Foundation\\Application->bootProvider(Object(App\\Providers\\RouteServiceProvider))
#30 [internal function]: Illuminate\\Foundation\\Application->Illuminate\\Foundation\\{closure}(Object(App\\Providers\\RouteServiceProvider), 58)
#31 C:\\xampp2\\htdocs\\NETIC360APP\\vendor\\laravel\\framework\\src\\Illuminate\\Foundation\\Application.php(881): array_walk(Array, Object(Closure))
#32 C:\\xampp2\\htdocs\\NETIC360APP\\vendor\\laravel\\framework\\src\\Illuminate\\Foundation\\Bootstrap\\BootProviders.php(17): Illuminate\\Foundation\\Application->boot()
#33 C:\\xampp2\\htdocs\\NETIC360APP\\vendor\\laravel\\framework\\src\\Illuminate\\Foundation\\Application.php(237): Illuminate\\Foundation\\Bootstrap\\BootProviders->bootstrap(Object(Illuminate\\Foundation\\Application))
#34 C:\\xampp2\\htdocs\\NETIC360APP\\vendor\\laravel\\framework\\src\\Illuminate\\Foundation\\Console\\Kernel.php(310): Illuminate\\Foundation\\Application->bootstrapWith(Array)
#35 C:\\xampp2\\htdocs\\NETIC360APP\\vendor\\laravel\\framework\\src\\Illuminate\\Foundation\\Console\\Kernel.php(127): Illuminate\\Foundation\\Console\\Kernel->bootstrap()
#36 Command line code(1): Illuminate\\Foundation\\Console\\Kernel->handle(Object(Symfony\\Component\\Console\\Input\\ArgvInput), Object(Symfony\\Component\\Console\\Output\\ConsoleOutput))
#37 {main}
"} 
[2021-02-08 16:37:54] production.ERROR: Invalid route action: [App\Http\Controllers\]. {"exception":"[object] (UnexpectedValueException(code: 0): Invalid route action: [App\\Http\\Controllers\\]. at C:\\xampp2\\htdocs\\NETIC360APP\\vendor\\laravel\\framework\\src\\Illuminate\\Routing\\RouteAction.php:92)
[stacktrace]
#0 C:\\xampp2\\htdocs\\NETIC360APP\\vendor\\laravel\\framework\\src\\Illuminate\\Routing\\RouteAction.php(47): Illuminate\\Routing\\RouteAction::makeInvokable('App\\\\Http\\\\Contro...')
#1 C:\\xampp2\\htdocs\\NETIC360APP\\vendor\\laravel\\framework\\src\\Illuminate\\Routing\\Route.php(183): Illuminate\\Routing\\RouteAction::parse('/', Array)
#2 C:\\xampp2\\htdocs\\NETIC360APP\\vendor\\laravel\\framework\\src\\Illuminate\\Routing\\Route.php(164): Illuminate\\Routing\\Route->parseAction(Array)
#3 C:\\xampp2\\htdocs\\NETIC360APP\\vendor\\laravel\\framework\\src\\Illuminate\\Routing\\Router.php(557): Illuminate\\Routing\\Route->__construct(Array, '/', Array)
#4 C:\\xampp2\\htdocs\\NETIC360APP\\vendor\\laravel\\framework\\src\\Illuminate\\Routing\\Router.php(476): Illuminate\\Routing\\Router->newRoute(Array, '/', Array)
#5 C:\\xampp2\\htdocs\\NETIC360APP\\vendor\\laravel\\framework\\src\\Illuminate\\Routing\\Router.php(455): Illuminate\\Routing\\Router->createRoute(Array, '/', Array)
#6 C:\\xampp2\\htdocs\\NETIC360APP\\vendor\\laravel\\framework\\src\\Illuminate\\Routing\\Router.php(147): Illuminate\\Routing\\Router->addRoute(Array, '/', '')
#7 C:\\xampp2\\htdocs\\NETIC360APP\\vendor\\laravel\\framework\\src\\Illuminate\\Support\\Facades\\Facade.php(261): Illuminate\\Routing\\Router->get('/', '')
#8 C:\\xampp2\\htdocs\\NETIC360APP\outes\\web.php(19): Illuminate\\Support\\Facades\\Facade::__callStatic('get', Array)
#9 C:\\xampp2\\htdocs\\NETIC360APP\\vendor\\laravel\\framework\\src\\Illuminate\\Routing\\RouteFileRegistrar.php(35): require('C:\\\\xampp2\\\\htdoc...')
#10 C:\\xampp2\\htdocs\\NETIC360APP\\vendor\\laravel\\framework\\src\\Illuminate\\Routing\\Router.php(425): Illuminate\\Routing\\RouteFileRegistrar->register('C:\\\\xampp2\\\\htdoc...')
#11 C:\\xampp2\\htdocs\\NETIC360APP\\vendor\\laravel\\framework\\src\\Illuminate\\Routing\\Router.php(382): Illuminate\\Routing\\Router->loadRoutes('C:\\\\xampp2\\\\htdoc...')
#12 C:\\xampp2\\htdocs\\NETIC360APP\\vendor\\laravel\\framework\\src\\Illuminate\\Routing\\RouteRegistrar.php(135): Illuminate\\Routing\\Router->group(Array, 'C:\\\\xampp2\\\\htdoc...')
#13 C:\\xampp2\\htdocs\\NETIC360APP\\app\\Providers\\RouteServiceProvider.php(56): Illuminate\\Routing\\RouteRegistrar->group('C:\\\\xampp2\\\\htdoc...')
#14 C:\\xampp2\\htdocs\\NETIC360APP\\app\\Providers\\RouteServiceProvider.php(40): App\\Providers\\RouteServiceProvider->mapWebRoutes()
#15 C:\\xampp2\\htdocs\\NETIC360APP\\vendor\\laravel\\framework\\src\\Illuminate\\Container\\BoundMethod.php(36): App\\Providers\\RouteServiceProvider->map()
#16 C:\\xampp2\\htdocs\\NETIC360APP\\vendor\\laravel\\framework\\src\\Illuminate\\Container\\Util.php(40): Illuminate\\Container\\BoundMethod::Illuminate\\Container\\{closure}()
#17 C:\\xampp2\\htdocs\\NETIC360APP\\vendor\\laravel\\framework\\src\\Illuminate\\Container\\BoundMethod.php(93): Illuminate\\Container\\Util::unwrapIfClosure(Object(Closure))
#18 C:\\xampp2\\htdocs\\NETIC360APP\\vendor\\laravel\\framework\\src\\Illuminate\\Container\\BoundMethod.php(37): Illuminate\\Container\\BoundMethod::callBoundMethod(Object(Illuminate\\Foundation\\Application), Array, Object(Closure))
#19 C:\\xampp2\\htdocs\\NETIC360APP\\vendor\\laravel\\framework\\src\\Illuminate\\Container\\Container.php(610): Illuminate\\Container\\BoundMethod::call(Object(Illuminate\\Foundation\\Application), Array, Array, NULL)
#20 C:\\xampp2\\htdocs\\NETIC360APP\\vendor\\laravel\\framework\\src\\Illuminate\\Foundation\\Support\\Providers\\RouteServiceProvider.php(122): Illuminate\\Container\\Container->call(Array)
#21 C:\\xampp2\\htdocs\\NETIC360APP\\vendor\\laravel\\framework\\src\\Illuminate\\Foundation\\Support\\Providers\\RouteServiceProvider.php(45): Illuminate\\Foundation\\Support\\Providers\\RouteServiceProvider->loadRoutes()
#22 C:\\xampp2\\htdocs\\NETIC360APP\\vendor\\laravel\\framework\\src\\Illuminate\\Container\\BoundMethod.php(36): Illuminate\\Foundation\\Support\\Providers\\RouteServiceProvider->Illuminate\\Foundation\\Support\\Providers\\{closure}()
#23 C:\\xampp2\\htdocs\\NETIC360APP\\vendor\\laravel\\framework\\src\\Illuminate\\Container\\Util.php(40): Illuminate\\Container\\BoundMethod::Illuminate\\Container\\{closure}()
#24 C:\\xampp2\\htdocs\\NETIC360APP\\vendor\\laravel\\framework\\src\\Illuminate\\Container\\BoundMethod.php(81): Illuminate\\Container\\Util::unwrapIfClosure(Object(Closure))
#25 C:\\xampp2\\htdocs\\NETIC360APP\\vendor\\laravel\\framework\\src\\Illuminate\\Container\\BoundMethod.php(37): Illuminate\\Container\\BoundMethod::callBoundMethod(Object(Illuminate\\Foundation\\Application), Object(Closure), Object(Closure))
#26 C:\\xampp2\\htdocs\\NETIC360APP\\vendor\\laravel\\framework\\src\\Illuminate\\Container\\Container.php(610): Illuminate\\Container\\BoundMethod::call(Object(Illuminate\\Foundation\\Application), Object(Closure), Array, NULL)
#27 C:\\xampp2\\htdocs\\NETIC360APP\\vendor\\laravel\\framework\\src\\Illuminate\\Support\\ServiceProvider.php(113): Illuminate\\Container\\Container->call(Object(Closure))
#28 C:\\xampp2\\htdocs\\NETIC360APP\\vendor\\laravel\\framework\\src\\Illuminate\\Foundation\\Application.php(902): Illuminate\\Support\\ServiceProvider->callBootedCallbacks()
#29 C:\\xampp2\\htdocs\\NETIC360APP\\vendor\\laravel\\framework\\src\\Illuminate\\Foundation\\Application.php(880): Illuminate\\Foundation\\Application->bootProvider(Object(App\\Providers\\RouteServiceProvider))
#30 [internal function]: Illuminate\\Foundation\\Application->Illuminate\\Foundation\\{closure}(Object(App\\Providers\\RouteServiceProvider), 58)
#31 C:\\xampp2\\htdocs\\NETIC360APP\\vendor\\laravel\\framework\\src\\Illuminate\\Foundation\\Application.php(881): array_walk(Array, Object(Closure))
#32 C:\\xampp2\\htdocs\\NETIC360APP\\vendor\\laravel\\framework\\src\\Illuminate\\Foundation\\Bootstrap\\BootProviders.php(17): Illuminate\\Foundation\\Application->boot()
#33 C:\\xampp2\\htdocs\\NETIC360APP\\vendor\\laravel\\framework\\src\\Illuminate\\Foundation\\Application.php(237): Illuminate\\Foundation\\Bootstrap\\BootProviders->bootstrap(Object(Illuminate\\Foundation\\Application))
#34 C:\\xampp2\\htdocs\\NETIC360APP\\vendor\\laravel\\framework\\src\\Illuminate\\Foundation\\Console\\Kernel.php(310): Illuminate\\Foundation\\Application->bootstrapWith(Array)
#35 C:\\xampp2\\htdocs\\NETIC360APP\\vendor\\laravel\\framework\\src\\Illuminate\\Foundation\\Console\\Kernel.php(127): Illuminate\\Foundation\\Console\\Kernel->bootstrap()
#36 Command line code(1): Illuminate\\Foundation\\Console\\Kernel->handle(Object(Symfony\\Component\\Console\\Input\\ArgvInput), Object(Symfony\\Component\\Console\\Output\\ConsoleOutput))
#37 {main}
"} 
[2021-02-08 16:37:58] production.ERROR: Invalid route action: [App\Http\Controllers\]. {"exception":"[object] (UnexpectedValueException(code: 0): Invalid route action: [App\\Http\\Controllers\\]. at C:\\xampp2\\htdocs\\NETIC360APP\\vendor\\laravel\\framework\\src\\Illuminate\\Routing\\RouteAction.php:92)
[stacktrace]
#0 C:\\xampp2\\htdocs\\NETIC360APP\\vendor\\laravel\\framework\\src\\Illuminate\\Routing\\RouteAction.php(47): Illuminate\\Routing\\RouteAction::makeInvokable('App\\\\Http\\\\Contro...')
#1 C:\\xampp2\\htdocs\\NETIC360APP\\vendor\\laravel\\framework\\src\\Illuminate\\Routing\\Route.php(183): Illuminate\\Routing\\RouteAction::parse('/', Array)
#2 C:\\xampp2\\htdocs\\NETIC360APP\\vendor\\laravel\\framework\\src\\Illuminate\\Routing\\Route.php(164): Illuminate\\Routing\\Route->parseAction(Array)
#3 C:\\xampp2\\htdocs\\NETIC360APP\\vendor\\laravel\\framework\\src\\Illuminate\\Routing\\Router.php(557): Illuminate\\Routing\\Route->__construct(Array, '/', Array)
#4 C:\\xampp2\\htdocs\\NETIC360APP\\vendor\\laravel\\framework\\src\\Illuminate\\Routing\\Router.php(476): Illuminate\\Routing\\Router->newRoute(Array, '/', Array)
#5 C:\\xampp2\\htdocs\\NETIC360APP\\vendor\\laravel\\framework\\src\\Illuminate\\Routing\\Router.php(455): Illuminate\\Routing\\Router->createRoute(Array, '/', Array)
#6 C:\\xampp2\\htdocs\\NETIC360APP\\vendor\\laravel\\framework\\src\\Illuminate\\Routing\\Router.php(147): Illuminate\\Routing\\Router->addRoute(Array, '/', '')
#7 C:\\xampp2\\htdocs\\NETIC360APP\\vendor\\laravel\\framework\\src\\Illuminate\\Support\\Facades\\Facade.php(261): Illuminate\\Routing\\Router->get('/', '')
#8 C:\\xampp2\\htdocs\\NETIC360APP\outes\\web.php(19): Illuminate\\Support\\Facades\\Facade::__callStatic('get', Array)
#9 C:\\xampp2\\htdocs\\NETIC360APP\\vendor\\laravel\\framework\\src\\Illuminate\\Routing\\RouteFileRegistrar.php(35): require('C:\\\\xampp2\\\\htdoc...')
#10 C:\\xampp2\\htdocs\\NETIC360APP\\vendor\\laravel\\framework\\src\\Illuminate\\Routing\\Router.php(425): Illuminate\\Routing\\RouteFileRegistrar->register('C:\\\\xampp2\\\\htdoc...')
#11 C:\\xampp2\\htdocs\\NETIC360APP\\vendor\\laravel\\framework\\src\\Illuminate\\Routing\\Router.php(382): Illuminate\\Routing\\Router->loadRoutes('C:\\\\xampp2\\\\htdoc...')
#12 C:\\xampp2\\htdocs\\NETIC360APP\\vendor\\laravel\\framework\\src\\Illuminate\\Routing\\RouteRegistrar.php(135): Illuminate\\Routing\\Router->group(Array, 'C:\\\\xampp2\\\\htdoc...')
#13 C:\\xampp2\\htdocs\\NETIC360APP\\app\\Providers\\RouteServiceProvider.php(56): Illuminate\\Routing\\RouteRegistrar->group('C:\\\\xampp2\\\\htdoc...')
#14 C:\\xampp2\\htdocs\\NETIC360APP\\app\\Providers\\RouteServiceProvider.php(40): App\\Providers\\RouteServiceProvider->mapWebRoutes()
#15 C:\\xampp2\\htdocs\\NETIC360APP\\vendor\\laravel\\framework\\src\\Illuminate\\Container\\BoundMethod.php(36): App\\Providers\\RouteServiceProvider->map()
#16 C:\\xampp2\\htdocs\\NETIC360APP\\vendor\\laravel\\framework\\src\\Illuminate\\Container\\Util.php(40): Illuminate\\Container\\BoundMethod::Illuminate\\Container\\{closure}()
#17 C:\\xampp2\\htdocs\\NETIC360APP\\vendor\\laravel\\framework\\src\\Illuminate\\Container\\BoundMethod.php(93): Illuminate\\Container\\Util::unwrapIfClosure(Object(Closure))
#18 C:\\xampp2\\htdocs\\NETIC360APP\\vendor\\laravel\\framework\\src\\Illuminate\\Container\\BoundMethod.php(37): Illuminate\\Container\\BoundMethod::callBoundMethod(Object(Illuminate\\Foundation\\Application), Array, Object(Closure))
#19 C:\\xampp2\\htdocs\\NETIC360APP\\vendor\\laravel\\framework\\src\\Illuminate\\Container\\Container.php(610): Illuminate\\Container\\BoundMethod::call(Object(Illuminate\\Foundation\\Application), Array, Array, NULL)
#20 C:\\xampp2\\htdocs\\NETIC360APP\\vendor\\laravel\\framework\\src\\Illuminate\\Foundation\\Support\\Providers\\RouteServiceProvider.php(122): Illuminate\\Container\\Container->call(Array)
#21 C:\\xampp2\\htdocs\\NETIC360APP\\vendor\\laravel\\framework\\src\\Illuminate\\Foundation\\Support\\Providers\\RouteServiceProvider.php(45): Illuminate\\Foundation\\Support\\Providers\\RouteServiceProvider->loadRoutes()
#22 C:\\xampp2\\htdocs\\NETIC360APP\\vendor\\laravel\\framework\\src\\Illuminate\\Container\\BoundMethod.php(36): Illuminate\\Foundation\\Support\\Providers\\RouteServiceProvider->Illuminate\\Foundation\\Support\\Providers\\{closure}()
#23 C:\\xampp2\\htdocs\\NETIC360APP\\vendor\\laravel\\framework\\src\\Illuminate\\Container\\Util.php(40): Illuminate\\Container\\BoundMethod::Illuminate\\Container\\{closure}()
#24 C:\\xampp2\\htdocs\\NETIC360APP\\vendor\\laravel\\framework\\src\\Illuminate\\Container\\BoundMethod.php(81): Illuminate\\Container\\Util::unwrapIfClosure(Object(Closure))
#25 C:\\xampp2\\htdocs\\NETIC360APP\\vendor\\laravel\\framework\\src\\Illuminate\\Container\\BoundMethod.php(37): Illuminate\\Container\\BoundMethod::callBoundMethod(Object(Illuminate\\Foundation\\Application), Object(Closure), Object(Closure))
#26 C:\\xampp2\\htdocs\\NETIC360APP\\vendor\\laravel\\framework\\src\\Illuminate\\Container\\Container.php(610): Illuminate\\Container\\BoundMethod::call(Object(Illuminate\\Foundation\\Application), Object(Closure), Array, NULL)
#27 C:\\xampp2\\htdocs\\NETIC360APP\\vendor\\laravel\\framework\\src\\Illuminate\\Support\\ServiceProvider.php(113): Illuminate\\Container\\Container->call(Object(Closure))
#28 C:\\xampp2\\htdocs\\NETIC360APP\\vendor\\laravel\\framework\\src\\Illuminate\\Foundation\\Application.php(902): Illuminate\\Support\\ServiceProvider->callBootedCallbacks()
#29 C:\\xampp2\\htdocs\\NETIC360APP\\vendor\\laravel\\framework\\src\\Illuminate\\Foundation\\Application.php(880): Illuminate\\Foundation\\Application->bootProvider(Object(App\\Providers\\RouteServiceProvider))
#30 [internal function]: Illuminate\\Foundation\\Application->Illuminate\\Foundation\\{closure}(Object(App\\Providers\\RouteServiceProvider), 58)
#31 C:\\xampp2\\htdocs\\NETIC360APP\\vendor\\laravel\\framework\\src\\Illuminate\\Foundation\\Application.php(881): array_walk(Array, Object(Closure))
#32 C:\\xampp2\\htdocs\\NETIC360APP\\vendor\\laravel\\framework\\src\\Illuminate\\Foundation\\Bootstrap\\BootProviders.php(17): Illuminate\\Foundation\\Application->boot()
#33 C:\\xampp2\\htdocs\\NETIC360APP\\vendor\\laravel\\framework\\src\\Illuminate\\Foundation\\Application.php(237): Illuminate\\Foundation\\Bootstrap\\BootProviders->bootstrap(Object(Illuminate\\Foundation\\Application))
#34 C:\\xampp2\\htdocs\\NETIC360APP\\vendor\\laravel\\framework\\src\\Illuminate\\Foundation\\Console\\Kernel.php(310): Illuminate\\Foundation\\Application->bootstrapWith(Array)
#35 C:\\xampp2\\htdocs\\NETIC360APP\\vendor\\laravel\\framework\\src\\Illuminate\\Foundation\\Console\\Kernel.php(127): Illuminate\\Foundation\\Console\\Kernel->bootstrap()
#36 Command line code(1): Illuminate\\Foundation\\Console\\Kernel->handle(Object(Symfony\\Component\\Console\\Input\\ArgvInput), Object(Symfony\\Component\\Console\\Output\\ConsoleOutput))
#37 {main}
"} 
[2021-02-08 16:38:54] production.ERROR: Invalid route action: [App\Http\Controllers\]. {"exception":"[object] (UnexpectedValueException(code: 0): Invalid route action: [App\\Http\\Controllers\\]. at C:\\xampp2\\htdocs\\NETIC360APP\\vendor\\laravel\\framework\\src\\Illuminate\\Routing\\RouteAction.php:92)
[stacktrace]
#0 C:\\xampp2\\htdocs\\NETIC360APP\\vendor\\laravel\\framework\\src\\Illuminate\\Routing\\RouteAction.php(47): Illuminate\\Routing\\RouteAction::makeInvokable('App\\\\Http\\\\Contro...')
#1 C:\\xampp2\\htdocs\\NETIC360APP\\vendor\\laravel\\framework\\src\\Illuminate\\Routing\\Route.php(183): Illuminate\\Routing\\RouteAction::parse('/', Array)
#2 C:\\xampp2\\htdocs\\NETIC360APP\\vendor\\laravel\\framework\\src\\Illuminate\\Routing\\Route.php(164): Illuminate\\Routing\\Route->parseAction(Array)
#3 C:\\xampp2\\htdocs\\NETIC360APP\\vendor\\laravel\\framework\\src\\Illuminate\\Routing\\Router.php(557): Illuminate\\Routing\\Route->__construct(Array, '/', Array)
#4 C:\\xampp2\\htdocs\\NETIC360APP\\vendor\\laravel\\framework\\src\\Illuminate\\Routing\\Router.php(476): Illuminate\\Routing\\Router->newRoute(Array, '/', Array)
#5 C:\\xampp2\\htdocs\\NETIC360APP\\vendor\\laravel\\framework\\src\\Illuminate\\Routing\\Router.php(455): Illuminate\\Routing\\Router->createRoute(Array, '/', Array)
#6 C:\\xampp2\\htdocs\\NETIC360APP\\vendor\\laravel\\framework\\src\\Illuminate\\Routing\\Router.php(147): Illuminate\\Routing\\Router->addRoute(Array, '/', '')
#7 C:\\xampp2\\htdocs\\NETIC360APP\\vendor\\laravel\\framework\\src\\Illuminate\\Support\\Facades\\Facade.php(261): Illuminate\\Routing\\Router->get('/', '')
#8 C:\\xampp2\\htdocs\\NETIC360APP\outes\\web.php(19): Illuminate\\Support\\Facades\\Facade::__callStatic('get', Array)
#9 C:\\xampp2\\htdocs\\NETIC360APP\\vendor\\laravel\\framework\\src\\Illuminate\\Routing\\RouteFileRegistrar.php(35): require('C:\\\\xampp2\\\\htdoc...')
#10 C:\\xampp2\\htdocs\\NETIC360APP\\vendor\\laravel\\framework\\src\\Illuminate\\Routing\\Router.php(425): Illuminate\\Routing\\RouteFileRegistrar->register('C:\\\\xampp2\\\\htdoc...')
#11 C:\\xampp2\\htdocs\\NETIC360APP\\vendor\\laravel\\framework\\src\\Illuminate\\Routing\\Router.php(382): Illuminate\\Routing\\Router->loadRoutes('C:\\\\xampp2\\\\htdoc...')
#12 C:\\xampp2\\htdocs\\NETIC360APP\\vendor\\laravel\\framework\\src\\Illuminate\\Routing\\RouteRegistrar.php(135): Illuminate\\Routing\\Router->group(Array, 'C:\\\\xampp2\\\\htdoc...')
#13 C:\\xampp2\\htdocs\\NETIC360APP\\app\\Providers\\RouteServiceProvider.php(56): Illuminate\\Routing\\RouteRegistrar->group('C:\\\\xampp2\\\\htdoc...')
#14 C:\\xampp2\\htdocs\\NETIC360APP\\app\\Providers\\RouteServiceProvider.php(40): App\\Providers\\RouteServiceProvider->mapWebRoutes()
#15 C:\\xampp2\\htdocs\\NETIC360APP\\vendor\\laravel\\framework\\src\\Illuminate\\Container\\BoundMethod.php(36): App\\Providers\\RouteServiceProvider->map()
#16 C:\\xampp2\\htdocs\\NETIC360APP\\vendor\\laravel\\framework\\src\\Illuminate\\Container\\Util.php(40): Illuminate\\Container\\BoundMethod::Illuminate\\Container\\{closure}()
#17 C:\\xampp2\\htdocs\\NETIC360APP\\vendor\\laravel\\framework\\src\\Illuminate\\Container\\BoundMethod.php(93): Illuminate\\Container\\Util::unwrapIfClosure(Object(Closure))
#18 C:\\xampp2\\htdocs\\NETIC360APP\\vendor\\laravel\\framework\\src\\Illuminate\\Container\\BoundMethod.php(37): Illuminate\\Container\\BoundMethod::callBoundMethod(Object(Illuminate\\Foundation\\Application), Array, Object(Closure))
#19 C:\\xampp2\\htdocs\\NETIC360APP\\vendor\\laravel\\framework\\src\\Illuminate\\Container\\Container.php(610): Illuminate\\Container\\BoundMethod::call(Object(Illuminate\\Foundation\\Application), Array, Array, NULL)
#20 C:\\xampp2\\htdocs\\NETIC360APP\\vendor\\laravel\\framework\\src\\Illuminate\\Foundation\\Support\\Providers\\RouteServiceProvider.php(122): Illuminate\\Container\\Container->call(Array)
#21 C:\\xampp2\\htdocs\\NETIC360APP\\vendor\\laravel\\framework\\src\\Illuminate\\Foundation\\Support\\Providers\\RouteServiceProvider.php(45): Illuminate\\Foundation\\Support\\Providers\\RouteServiceProvider->loadRoutes()
#22 C:\\xampp2\\htdocs\\NETIC360APP\\vendor\\laravel\\framework\\src\\Illuminate\\Container\\BoundMethod.php(36): Illuminate\\Foundation\\Support\\Providers\\RouteServiceProvider->Illuminate\\Foundation\\Support\\Providers\\{closure}()
#23 C:\\xampp2\\htdocs\\NETIC360APP\\vendor\\laravel\\framework\\src\\Illuminate\\Container\\Util.php(40): Illuminate\\Container\\BoundMethod::Illuminate\\Container\\{closure}()
#24 C:\\xampp2\\htdocs\\NETIC360APP\\vendor\\laravel\\framework\\src\\Illuminate\\Container\\BoundMethod.php(81): Illuminate\\Container\\Util::unwrapIfClosure(Object(Closure))
#25 C:\\xampp2\\htdocs\\NETIC360APP\\vendor\\laravel\\framework\\src\\Illuminate\\Container\\BoundMethod.php(37): Illuminate\\Container\\BoundMethod::callBoundMethod(Object(Illuminate\\Foundation\\Application), Object(Closure), Object(Closure))
#26 C:\\xampp2\\htdocs\\NETIC360APP\\vendor\\laravel\\framework\\src\\Illuminate\\Container\\Container.php(610): Illuminate\\Container\\BoundMethod::call(Object(Illuminate\\Foundation\\Application), Object(Closure), Array, NULL)
#27 C:\\xampp2\\htdocs\\NETIC360APP\\vendor\\laravel\\framework\\src\\Illuminate\\Support\\ServiceProvider.php(113): Illuminate\\Container\\Container->call(Object(Closure))
#28 C:\\xampp2\\htdocs\\NETIC360APP\\vendor\\laravel\\framework\\src\\Illuminate\\Foundation\\Application.php(902): Illuminate\\Support\\ServiceProvider->callBootedCallbacks()
#29 C:\\xampp2\\htdocs\\NETIC360APP\\vendor\\laravel\\framework\\src\\Illuminate\\Foundation\\Application.php(880): Illuminate\\Foundation\\Application->bootProvider(Object(App\\Providers\\RouteServiceProvider))
#30 [internal function]: Illuminate\\Foundation\\Application->Illuminate\\Foundation\\{closure}(Object(App\\Providers\\RouteServiceProvider), 58)
#31 C:\\xampp2\\htdocs\\NETIC360APP\\vendor\\laravel\\framework\\src\\Illuminate\\Foundation\\Application.php(881): array_walk(Array, Object(Closure))
#32 C:\\xampp2\\htdocs\\NETIC360APP\\vendor\\laravel\\framework\\src\\Illuminate\\Foundation\\Bootstrap\\BootProviders.php(17): Illuminate\\Foundation\\Application->boot()
#33 C:\\xampp2\\htdocs\\NETIC360APP\\vendor\\laravel\\framework\\src\\Illuminate\\Foundation\\Application.php(237): Illuminate\\Foundation\\Bootstrap\\BootProviders->bootstrap(Object(Illuminate\\Foundation\\Application))
#34 C:\\xampp2\\htdocs\\NETIC360APP\\vendor\\laravel\\framework\\src\\Illuminate\\Foundation\\Console\\Kernel.php(310): Illuminate\\Foundation\\Application->bootstrapWith(Array)
#35 C:\\xampp2\\htdocs\\NETIC360APP\\vendor\\laravel\\framework\\src\\Illuminate\\Foundation\\Console\\Kernel.php(127): Illuminate\\Foundation\\Console\\Kernel->bootstrap()
#36 Command line code(1): Illuminate\\Foundation\\Console\\Kernel->handle(Object(Symfony\\Component\\Console\\Input\\ArgvInput), Object(Symfony\\Component\\Console\\Output\\ConsoleOutput))
#37 {main}
"} 
[2021-02-08 16:38:54] production.ERROR: Invalid route action: [App\Http\Controllers\]. {"exception":"[object] (UnexpectedValueException(code: 0): Invalid route action: [App\\Http\\Controllers\\]. at C:\\xampp2\\htdocs\\NETIC360APP\\vendor\\laravel\\framework\\src\\Illuminate\\Routing\\RouteAction.php:92)
[stacktrace]
#0 C:\\xampp2\\htdocs\\NETIC360APP\\vendor\\laravel\\framework\\src\\Illuminate\\Routing\\RouteAction.php(47): Illuminate\\Routing\\RouteAction::makeInvokable('App\\\\Http\\\\Contro...')
#1 C:\\xampp2\\htdocs\\NETIC360APP\\vendor\\laravel\\framework\\src\\Illuminate\\Routing\\Route.php(183): Illuminate\\Routing\\RouteAction::parse('/', Array)
#2 C:\\xampp2\\htdocs\\NETIC360APP\\vendor\\laravel\\framework\\src\\Illuminate\\Routing\\Route.php(164): Illuminate\\Routing\\Route->parseAction(Array)
#3 C:\\xampp2\\htdocs\\NETIC360APP\\vendor\\laravel\\framework\\src\\Illuminate\\Routing\\Router.php(557): Illuminate\\Routing\\Route->__construct(Array, '/', Array)
#4 C:\\xampp2\\htdocs\\NETIC360APP\\vendor\\laravel\\framework\\src\\Illuminate\\Routing\\Router.php(476): Illuminate\\Routing\\Router->newRoute(Array, '/', Array)
#5 C:\\xampp2\\htdocs\\NETIC360APP\\vendor\\laravel\\framework\\src\\Illuminate\\Routing\\Router.php(455): Illuminate\\Routing\\Router->createRoute(Array, '/', Array)
#6 C:\\xampp2\\htdocs\\NETIC360APP\\vendor\\laravel\\framework\\src\\Illuminate\\Routing\\Router.php(147): Illuminate\\Routing\\Router->addRoute(Array, '/', '')
#7 C:\\xampp2\\htdocs\\NETIC360APP\\vendor\\laravel\\framework\\src\\Illuminate\\Support\\Facades\\Facade.php(261): Illuminate\\Routing\\Router->get('/', '')
#8 C:\\xampp2\\htdocs\\NETIC360APP\outes\\web.php(19): Illuminate\\Support\\Facades\\Facade::__callStatic('get', Array)
#9 C:\\xampp2\\htdocs\\NETIC360APP\\vendor\\laravel\\framework\\src\\Illuminate\\Routing\\RouteFileRegistrar.php(35): require('C:\\\\xampp2\\\\htdoc...')
#10 C:\\xampp2\\htdocs\\NETIC360APP\\vendor\\laravel\\framework\\src\\Illuminate\\Routing\\Router.php(425): Illuminate\\Routing\\RouteFileRegistrar->register('C:\\\\xampp2\\\\htdoc...')
#11 C:\\xampp2\\htdocs\\NETIC360APP\\vendor\\laravel\\framework\\src\\Illuminate\\Routing\\Router.php(382): Illuminate\\Routing\\Router->loadRoutes('C:\\\\xampp2\\\\htdoc...')
#12 C:\\xampp2\\htdocs\\NETIC360APP\\vendor\\laravel\\framework\\src\\Illuminate\\Routing\\RouteRegistrar.php(135): Illuminate\\Routing\\Router->group(Array, 'C:\\\\xampp2\\\\htdoc...')
#13 C:\\xampp2\\htdocs\\NETIC360APP\\app\\Providers\\RouteServiceProvider.php(56): Illuminate\\Routing\\RouteRegistrar->group('C:\\\\xampp2\\\\htdoc...')
#14 C:\\xampp2\\htdocs\\NETIC360APP\\app\\Providers\\RouteServiceProvider.php(40): App\\Providers\\RouteServiceProvider->mapWebRoutes()
#15 C:\\xampp2\\htdocs\\NETIC360APP\\vendor\\laravel\\framework\\src\\Illuminate\\Container\\BoundMethod.php(36): App\\Providers\\RouteServiceProvider->map()
#16 C:\\xampp2\\htdocs\\NETIC360APP\\vendor\\laravel\\framework\\src\\Illuminate\\Container\\Util.php(40): Illuminate\\Container\\BoundMethod::Illuminate\\Container\\{closure}()
#17 C:\\xampp2\\htdocs\\NETIC360APP\\vendor\\laravel\\framework\\src\\Illuminate\\Container\\BoundMethod.php(93): Illuminate\\Container\\Util::unwrapIfClosure(Object(Closure))
#18 C:\\xampp2\\htdocs\\NETIC360APP\\vendor\\laravel\\framework\\src\\Illuminate\\Container\\BoundMethod.php(37): Illuminate\\Container\\BoundMethod::callBoundMethod(Object(Illuminate\\Foundation\\Application), Array, Object(Closure))
#19 C:\\xampp2\\htdocs\\NETIC360APP\\vendor\\laravel\\framework\\src\\Illuminate\\Container\\Container.php(610): Illuminate\\Container\\BoundMethod::call(Object(Illuminate\\Foundation\\Application), Array, Array, NULL)
#20 C:\\xampp2\\htdocs\\NETIC360APP\\vendor\\laravel\\framework\\src\\Illuminate\\Foundation\\Support\\Providers\\RouteServiceProvider.php(122): Illuminate\\Container\\Container->call(Array)
#21 C:\\xampp2\\htdocs\\NETIC360APP\\vendor\\laravel\\framework\\src\\Illuminate\\Foundation\\Support\\Providers\\RouteServiceProvider.php(45): Illuminate\\Foundation\\Support\\Providers\\RouteServiceProvider->loadRoutes()
#22 C:\\xampp2\\htdocs\\NETIC360APP\\vendor\\laravel\\framework\\src\\Illuminate\\Container\\BoundMethod.php(36): Illuminate\\Foundation\\Support\\Providers\\RouteServiceProvider->Illuminate\\Foundation\\Support\\Providers\\{closure}()
#23 C:\\xampp2\\htdocs\\NETIC360APP\\vendor\\laravel\\framework\\src\\Illuminate\\Container\\Util.php(40): Illuminate\\Container\\BoundMethod::Illuminate\\Container\\{closure}()
#24 C:\\xampp2\\htdocs\\NETIC360APP\\vendor\\laravel\\framework\\src\\Illuminate\\Container\\BoundMethod.php(81): Illuminate\\Container\\Util::unwrapIfClosure(Object(Closure))
#25 C:\\xampp2\\htdocs\\NETIC360APP\\vendor\\laravel\\framework\\src\\Illuminate\\Container\\BoundMethod.php(37): Illuminate\\Container\\BoundMethod::callBoundMethod(Object(Illuminate\\Foundation\\Application), Object(Closure), Object(Closure))
#26 C:\\xampp2\\htdocs\\NETIC360APP\\vendor\\laravel\\framework\\src\\Illuminate\\Container\\Container.php(610): Illuminate\\Container\\BoundMethod::call(Object(Illuminate\\Foundation\\Application), Object(Closure), Array, NULL)
#27 C:\\xampp2\\htdocs\\NETIC360APP\\vendor\\laravel\\framework\\src\\Illuminate\\Support\\ServiceProvider.php(113): Illuminate\\Container\\Container->call(Object(Closure))
#28 C:\\xampp2\\htdocs\\NETIC360APP\\vendor\\laravel\\framework\\src\\Illuminate\\Foundation\\Application.php(902): Illuminate\\Support\\ServiceProvider->callBootedCallbacks()
#29 C:\\xampp2\\htdocs\\NETIC360APP\\vendor\\laravel\\framework\\src\\Illuminate\\Foundation\\Application.php(880): Illuminate\\Foundation\\Application->bootProvider(Object(App\\Providers\\RouteServiceProvider))
#30 [internal function]: Illuminate\\Foundation\\Application->Illuminate\\Foundation\\{closure}(Object(App\\Providers\\RouteServiceProvider), 58)
#31 C:\\xampp2\\htdocs\\NETIC360APP\\vendor\\laravel\\framework\\src\\Illuminate\\Foundation\\Application.php(881): array_walk(Array, Object(Closure))
#32 C:\\xampp2\\htdocs\\NETIC360APP\\vendor\\laravel\\framework\\src\\Illuminate\\Foundation\\Bootstrap\\BootProviders.php(17): Illuminate\\Foundation\\Application->boot()
#33 C:\\xampp2\\htdocs\\NETIC360APP\\vendor\\laravel\\framework\\src\\Illuminate\\Foundation\\Application.php(237): Illuminate\\Foundation\\Bootstrap\\BootProviders->bootstrap(Object(Illuminate\\Foundation\\Application))
#34 C:\\xampp2\\htdocs\\NETIC360APP\\vendor\\laravel\\framework\\src\\Illuminate\\Foundation\\Console\\Kernel.php(310): Illuminate\\Foundation\\Application->bootstrapWith(Array)
#35 C:\\xampp2\\htdocs\\NETIC360APP\\vendor\\laravel\\framework\\src\\Illuminate\\Foundation\\Console\\Kernel.php(127): Illuminate\\Foundation\\Console\\Kernel->bootstrap()
#36 Command line code(1): Illuminate\\Foundation\\Console\\Kernel->handle(Object(Symfony\\Component\\Console\\Input\\ArgvInput), Object(Symfony\\Component\\Console\\Output\\ConsoleOutput))
#37 {main}
"} 
[2021-02-08 16:39:54] production.ERROR: Invalid route action: [App\Http\Controllers\]. {"exception":"[object] (UnexpectedValueException(code: 0): Invalid route action: [App\\Http\\Controllers\\]. at C:\\xampp2\\htdocs\\NETIC360APP\\vendor\\laravel\\framework\\src\\Illuminate\\Routing\\RouteAction.php:92)
[stacktrace]
#0 C:\\xampp2\\htdocs\\NETIC360APP\\vendor\\laravel\\framework\\src\\Illuminate\\Routing\\RouteAction.php(47): Illuminate\\Routing\\RouteAction::makeInvokable('App\\\\Http\\\\Contro...')
#1 C:\\xampp2\\htdocs\\NETIC360APP\\vendor\\laravel\\framework\\src\\Illuminate\\Routing\\Route.php(183): Illuminate\\Routing\\RouteAction::parse('/', Array)
#2 C:\\xampp2\\htdocs\\NETIC360APP\\vendor\\laravel\\framework\\src\\Illuminate\\Routing\\Route.php(164): Illuminate\\Routing\\Route->parseAction(Array)
#3 C:\\xampp2\\htdocs\\NETIC360APP\\vendor\\laravel\\framework\\src\\Illuminate\\Routing\\Router.php(557): Illuminate\\Routing\\Route->__construct(Array, '/', Array)
#4 C:\\xampp2\\htdocs\\NETIC360APP\\vendor\\laravel\\framework\\src\\Illuminate\\Routing\\Router.php(476): Illuminate\\Routing\\Router->newRoute(Array, '/', Array)
#5 C:\\xampp2\\htdocs\\NETIC360APP\\vendor\\laravel\\framework\\src\\Illuminate\\Routing\\Router.php(455): Illuminate\\Routing\\Router->createRoute(Array, '/', Array)
#6 C:\\xampp2\\htdocs\\NETIC360APP\\vendor\\laravel\\framework\\src\\Illuminate\\Routing\\Router.php(147): Illuminate\\Routing\\Router->addRoute(Array, '/', '')
#7 C:\\xampp2\\htdocs\\NETIC360APP\\vendor\\laravel\\framework\\src\\Illuminate\\Support\\Facades\\Facade.php(261): Illuminate\\Routing\\Router->get('/', '')
#8 C:\\xampp2\\htdocs\\NETIC360APP\outes\\web.php(19): Illuminate\\Support\\Facades\\Facade::__callStatic('get', Array)
#9 C:\\xampp2\\htdocs\\NETIC360APP\\vendor\\laravel\\framework\\src\\Illuminate\\Routing\\RouteFileRegistrar.php(35): require('C:\\\\xampp2\\\\htdoc...')
#10 C:\\xampp2\\htdocs\\NETIC360APP\\vendor\\laravel\\framework\\src\\Illuminate\\Routing\\Router.php(425): Illuminate\\Routing\\RouteFileRegistrar->register('C:\\\\xampp2\\\\htdoc...')
#11 C:\\xampp2\\htdocs\\NETIC360APP\\vendor\\laravel\\framework\\src\\Illuminate\\Routing\\Router.php(382): Illuminate\\Routing\\Router->loadRoutes('C:\\\\xampp2\\\\htdoc...')
#12 C:\\xampp2\\htdocs\\NETIC360APP\\vendor\\laravel\\framework\\src\\Illuminate\\Routing\\RouteRegistrar.php(135): Illuminate\\Routing\\Router->group(Array, 'C:\\\\xampp2\\\\htdoc...')
#13 C:\\xampp2\\htdocs\\NETIC360APP\\app\\Providers\\RouteServiceProvider.php(56): Illuminate\\Routing\\RouteRegistrar->group('C:\\\\xampp2\\\\htdoc...')
#14 C:\\xampp2\\htdocs\\NETIC360APP\\app\\Providers\\RouteServiceProvider.php(40): App\\Providers\\RouteServiceProvider->mapWebRoutes()
#15 C:\\xampp2\\htdocs\\NETIC360APP\\vendor\\laravel\\framework\\src\\Illuminate\\Container\\BoundMethod.php(36): App\\Providers\\RouteServiceProvider->map()
#16 C:\\xampp2\\htdocs\\NETIC360APP\\vendor\\laravel\\framework\\src\\Illuminate\\Container\\Util.php(40): Illuminate\\Container\\BoundMethod::Illuminate\\Container\\{closure}()
#17 C:\\xampp2\\htdocs\\NETIC360APP\\vendor\\laravel\\framework\\src\\Illuminate\\Container\\BoundMethod.php(93): Illuminate\\Container\\Util::unwrapIfClosure(Object(Closure))
#18 C:\\xampp2\\htdocs\\NETIC360APP\\vendor\\laravel\\framework\\src\\Illuminate\\Container\\BoundMethod.php(37): Illuminate\\Container\\BoundMethod::callBoundMethod(Object(Illuminate\\Foundation\\Application), Array, Object(Closure))
#19 C:\\xampp2\\htdocs\\NETIC360APP\\vendor\\laravel\\framework\\src\\Illuminate\\Container\\Container.php(610): Illuminate\\Container\\BoundMethod::call(Object(Illuminate\\Foundation\\Application), Array, Array, NULL)
#20 C:\\xampp2\\htdocs\\NETIC360APP\\vendor\\laravel\\framework\\src\\Illuminate\\Foundation\\Support\\Providers\\RouteServiceProvider.php(122): Illuminate\\Container\\Container->call(Array)
#21 C:\\xampp2\\htdocs\\NETIC360APP\\vendor\\laravel\\framework\\src\\Illuminate\\Foundation\\Support\\Providers\\RouteServiceProvider.php(45): Illuminate\\Foundation\\Support\\Providers\\RouteServiceProvider->loadRoutes()
#22 C:\\xampp2\\htdocs\\NETIC360APP\\vendor\\laravel\\framework\\src\\Illuminate\\Container\\BoundMethod.php(36): Illuminate\\Foundation\\Support\\Providers\\RouteServiceProvider->Illuminate\\Foundation\\Support\\Providers\\{closure}()
#23 C:\\xampp2\\htdocs\\NETIC360APP\\vendor\\laravel\\framework\\src\\Illuminate\\Container\\Util.php(40): Illuminate\\Container\\BoundMethod::Illuminate\\Container\\{closure}()
#24 C:\\xampp2\\htdocs\\NETIC360APP\\vendor\\laravel\\framework\\src\\Illuminate\\Container\\BoundMethod.php(81): Illuminate\\Container\\Util::unwrapIfClosure(Object(Closure))
#25 C:\\xampp2\\htdocs\\NETIC360APP\\vendor\\laravel\\framework\\src\\Illuminate\\Container\\BoundMethod.php(37): Illuminate\\Container\\BoundMethod::callBoundMethod(Object(Illuminate\\Foundation\\Application), Object(Closure), Object(Closure))
#26 C:\\xampp2\\htdocs\\NETIC360APP\\vendor\\laravel\\framework\\src\\Illuminate\\Container\\Container.php(610): Illuminate\\Container\\BoundMethod::call(Object(Illuminate\\Foundation\\Application), Object(Closure), Array, NULL)
#27 C:\\xampp2\\htdocs\\NETIC360APP\\vendor\\laravel\\framework\\src\\Illuminate\\Support\\ServiceProvider.php(113): Illuminate\\Container\\Container->call(Object(Closure))
#28 C:\\xampp2\\htdocs\\NETIC360APP\\vendor\\laravel\\framework\\src\\Illuminate\\Foundation\\Application.php(902): Illuminate\\Support\\ServiceProvider->callBootedCallbacks()
#29 C:\\xampp2\\htdocs\\NETIC360APP\\vendor\\laravel\\framework\\src\\Illuminate\\Foundation\\Application.php(880): Illuminate\\Foundation\\Application->bootProvider(Object(App\\Providers\\RouteServiceProvider))
#30 [internal function]: Illuminate\\Foundation\\Application->Illuminate\\Foundation\\{closure}(Object(App\\Providers\\RouteServiceProvider), 58)
#31 C:\\xampp2\\htdocs\\NETIC360APP\\vendor\\laravel\\framework\\src\\Illuminate\\Foundation\\Application.php(881): array_walk(Array, Object(Closure))
#32 C:\\xampp2\\htdocs\\NETIC360APP\\vendor\\laravel\\framework\\src\\Illuminate\\Foundation\\Bootstrap\\BootProviders.php(17): Illuminate\\Foundation\\Application->boot()
#33 C:\\xampp2\\htdocs\\NETIC360APP\\vendor\\laravel\\framework\\src\\Illuminate\\Foundation\\Application.php(237): Illuminate\\Foundation\\Bootstrap\\BootProviders->bootstrap(Object(Illuminate\\Foundation\\Application))
#34 C:\\xampp2\\htdocs\\NETIC360APP\\vendor\\laravel\\framework\\src\\Illuminate\\Foundation\\Console\\Kernel.php(310): Illuminate\\Foundation\\Application->bootstrapWith(Array)
#35 C:\\xampp2\\htdocs\\NETIC360APP\\vendor\\laravel\\framework\\src\\Illuminate\\Foundation\\Console\\Kernel.php(127): Illuminate\\Foundation\\Console\\Kernel->bootstrap()
#36 Command line code(1): Illuminate\\Foundation\\Console\\Kernel->handle(Object(Symfony\\Component\\Console\\Input\\ArgvInput), Object(Symfony\\Component\\Console\\Output\\ConsoleOutput))
#37 {main}
"} 
[2021-02-08 16:39:54] production.ERROR: Invalid route action: [App\Http\Controllers\]. {"exception":"[object] (UnexpectedValueException(code: 0): Invalid route action: [App\\Http\\Controllers\\]. at C:\\xampp2\\htdocs\\NETIC360APP\\vendor\\laravel\\framework\\src\\Illuminate\\Routing\\RouteAction.php:92)
[stacktrace]
#0 C:\\xampp2\\htdocs\\NETIC360APP\\vendor\\laravel\\framework\\src\\Illuminate\\Routing\\RouteAction.php(47): Illuminate\\Routing\\RouteAction::makeInvokable('App\\\\Http\\\\Contro...')
#1 C:\\xampp2\\htdocs\\NETIC360APP\\vendor\\laravel\\framework\\src\\Illuminate\\Routing\\Route.php(183): Illuminate\\Routing\\RouteAction::parse('/', Array)
#2 C:\\xampp2\\htdocs\\NETIC360APP\\vendor\\laravel\\framework\\src\\Illuminate\\Routing\\Route.php(164): Illuminate\\Routing\\Route->parseAction(Array)
#3 C:\\xampp2\\htdocs\\NETIC360APP\\vendor\\laravel\\framework\\src\\Illuminate\\Routing\\Router.php(557): Illuminate\\Routing\\Route->__construct(Array, '/', Array)
#4 C:\\xampp2\\htdocs\\NETIC360APP\\vendor\\laravel\\framework\\src\\Illuminate\\Routing\\Router.php(476): Illuminate\\Routing\\Router->newRoute(Array, '/', Array)
#5 C:\\xampp2\\htdocs\\NETIC360APP\\vendor\\laravel\\framework\\src\\Illuminate\\Routing\\Router.php(455): Illuminate\\Routing\\Router->createRoute(Array, '/', Array)
#6 C:\\xampp2\\htdocs\\NETIC360APP\\vendor\\laravel\\framework\\src\\Illuminate\\Routing\\Router.php(147): Illuminate\\Routing\\Router->addRoute(Array, '/', '')
#7 C:\\xampp2\\htdocs\\NETIC360APP\\vendor\\laravel\\framework\\src\\Illuminate\\Support\\Facades\\Facade.php(261): Illuminate\\Routing\\Router->get('/', '')
#8 C:\\xampp2\\htdocs\\NETIC360APP\outes\\web.php(19): Illuminate\\Support\\Facades\\Facade::__callStatic('get', Array)
#9 C:\\xampp2\\htdocs\\NETIC360APP\\vendor\\laravel\\framework\\src\\Illuminate\\Routing\\RouteFileRegistrar.php(35): require('C:\\\\xampp2\\\\htdoc...')
#10 C:\\xampp2\\htdocs\\NETIC360APP\\vendor\\laravel\\framework\\src\\Illuminate\\Routing\\Router.php(425): Illuminate\\Routing\\RouteFileRegistrar->register('C:\\\\xampp2\\\\htdoc...')
#11 C:\\xampp2\\htdocs\\NETIC360APP\\vendor\\laravel\\framework\\src\\Illuminate\\Routing\\Router.php(382): Illuminate\\Routing\\Router->loadRoutes('C:\\\\xampp2\\\\htdoc...')
#12 C:\\xampp2\\htdocs\\NETIC360APP\\vendor\\laravel\\framework\\src\\Illuminate\\Routing\\RouteRegistrar.php(135): Illuminate\\Routing\\Router->group(Array, 'C:\\\\xampp2\\\\htdoc...')
#13 C:\\xampp2\\htdocs\\NETIC360APP\\app\\Providers\\RouteServiceProvider.php(56): Illuminate\\Routing\\RouteRegistrar->group('C:\\\\xampp2\\\\htdoc...')
#14 C:\\xampp2\\htdocs\\NETIC360APP\\app\\Providers\\RouteServiceProvider.php(40): App\\Providers\\RouteServiceProvider->mapWebRoutes()
#15 C:\\xampp2\\htdocs\\NETIC360APP\\vendor\\laravel\\framework\\src\\Illuminate\\Container\\BoundMethod.php(36): App\\Providers\\RouteServiceProvider->map()
#16 C:\\xampp2\\htdocs\\NETIC360APP\\vendor\\laravel\\framework\\src\\Illuminate\\Container\\Util.php(40): Illuminate\\Container\\BoundMethod::Illuminate\\Container\\{closure}()
#17 C:\\xampp2\\htdocs\\NETIC360APP\\vendor\\laravel\\framework\\src\\Illuminate\\Container\\BoundMethod.php(93): Illuminate\\Container\\Util::unwrapIfClosure(Object(Closure))
#18 C:\\xampp2\\htdocs\\NETIC360APP\\vendor\\laravel\\framework\\src\\Illuminate\\Container\\BoundMethod.php(37): Illuminate\\Container\\BoundMethod::callBoundMethod(Object(Illuminate\\Foundation\\Application), Array, Object(Closure))
#19 C:\\xampp2\\htdocs\\NETIC360APP\\vendor\\laravel\\framework\\src\\Illuminate\\Container\\Container.php(610): Illuminate\\Container\\BoundMethod::call(Object(Illuminate\\Foundation\\Application), Array, Array, NULL)
#20 C:\\xampp2\\htdocs\\NETIC360APP\\vendor\\laravel\\framework\\src\\Illuminate\\Foundation\\Support\\Providers\\RouteServiceProvider.php(122): Illuminate\\Container\\Container->call(Array)
#21 C:\\xampp2\\htdocs\\NETIC360APP\\vendor\\laravel\\framework\\src\\Illuminate\\Foundation\\Support\\Providers\\RouteServiceProvider.php(45): Illuminate\\Foundation\\Support\\Providers\\RouteServiceProvider->loadRoutes()
#22 C:\\xampp2\\htdocs\\NETIC360APP\\vendor\\laravel\\framework\\src\\Illuminate\\Container\\BoundMethod.php(36): Illuminate\\Foundation\\Support\\Providers\\RouteServiceProvider->Illuminate\\Foundation\\Support\\Providers\\{closure}()
#23 C:\\xampp2\\htdocs\\NETIC360APP\\vendor\\laravel\\framework\\src\\Illuminate\\Container\\Util.php(40): Illuminate\\Container\\BoundMethod::Illuminate\\Container\\{closure}()
#24 C:\\xampp2\\htdocs\\NETIC360APP\\vendor\\laravel\\framework\\src\\Illuminate\\Container\\BoundMethod.php(81): Illuminate\\Container\\Util::unwrapIfClosure(Object(Closure))
#25 C:\\xampp2\\htdocs\\NETIC360APP\\vendor\\laravel\\framework\\src\\Illuminate\\Container\\BoundMethod.php(37): Illuminate\\Container\\BoundMethod::callBoundMethod(Object(Illuminate\\Foundation\\Application), Object(Closure), Object(Closure))
#26 C:\\xampp2\\htdocs\\NETIC360APP\\vendor\\laravel\\framework\\src\\Illuminate\\Container\\Container.php(610): Illuminate\\Container\\BoundMethod::call(Object(Illuminate\\Foundation\\Application), Object(Closure), Array, NULL)
#27 C:\\xampp2\\htdocs\\NETIC360APP\\vendor\\laravel\\framework\\src\\Illuminate\\Support\\ServiceProvider.php(113): Illuminate\\Container\\Container->call(Object(Closure))
#28 C:\\xampp2\\htdocs\\NETIC360APP\\vendor\\laravel\\framework\\src\\Illuminate\\Foundation\\Application.php(902): Illuminate\\Support\\ServiceProvider->callBootedCallbacks()
#29 C:\\xampp2\\htdocs\\NETIC360APP\\vendor\\laravel\\framework\\src\\Illuminate\\Foundation\\Application.php(880): Illuminate\\Foundation\\Application->bootProvider(Object(App\\Providers\\RouteServiceProvider))
#30 [internal function]: Illuminate\\Foundation\\Application->Illuminate\\Foundation\\{closure}(Object(App\\Providers\\RouteServiceProvider), 58)
#31 C:\\xampp2\\htdocs\\NETIC360APP\\vendor\\laravel\\framework\\src\\Illuminate\\Foundation\\Application.php(881): array_walk(Array, Object(Closure))
#32 C:\\xampp2\\htdocs\\NETIC360APP\\vendor\\laravel\\framework\\src\\Illuminate\\Foundation\\Bootstrap\\BootProviders.php(17): Illuminate\\Foundation\\Application->boot()
#33 C:\\xampp2\\htdocs\\NETIC360APP\\vendor\\laravel\\framework\\src\\Illuminate\\Foundation\\Application.php(237): Illuminate\\Foundation\\Bootstrap\\BootProviders->bootstrap(Object(Illuminate\\Foundation\\Application))
#34 C:\\xampp2\\htdocs\\NETIC360APP\\vendor\\laravel\\framework\\src\\Illuminate\\Foundation\\Console\\Kernel.php(310): Illuminate\\Foundation\\Application->bootstrapWith(Array)
#35 C:\\xampp2\\htdocs\\NETIC360APP\\vendor\\laravel\\framework\\src\\Illuminate\\Foundation\\Console\\Kernel.php(127): Illuminate\\Foundation\\Console\\Kernel->bootstrap()
#36 Command line code(1): Illuminate\\Foundation\\Console\\Kernel->handle(Object(Symfony\\Component\\Console\\Input\\ArgvInput), Object(Symfony\\Component\\Console\\Output\\ConsoleOutput))
#37 {main}
"} 
[2021-02-08 16:40:54] production.ERROR: Invalid route action: [App\Http\Controllers\]. {"exception":"[object] (UnexpectedValueException(code: 0): Invalid route action: [App\\Http\\Controllers\\]. at C:\\xampp2\\htdocs\\NETIC360APP\\vendor\\laravel\\framework\\src\\Illuminate\\Routing\\RouteAction.php:92)
[stacktrace]
#0 C:\\xampp2\\htdocs\\NETIC360APP\\vendor\\laravel\\framework\\src\\Illuminate\\Routing\\RouteAction.php(47): Illuminate\\Routing\\RouteAction::makeInvokable('App\\\\Http\\\\Contro...')
#1 C:\\xampp2\\htdocs\\NETIC360APP\\vendor\\laravel\\framework\\src\\Illuminate\\Routing\\Route.php(183): Illuminate\\Routing\\RouteAction::parse('/', Array)
#2 C:\\xampp2\\htdocs\\NETIC360APP\\vendor\\laravel\\framework\\src\\Illuminate\\Routing\\Route.php(164): Illuminate\\Routing\\Route->parseAction(Array)
#3 C:\\xampp2\\htdocs\\NETIC360APP\\vendor\\laravel\\framework\\src\\Illuminate\\Routing\\Router.php(557): Illuminate\\Routing\\Route->__construct(Array, '/', Array)
#4 C:\\xampp2\\htdocs\\NETIC360APP\\vendor\\laravel\\framework\\src\\Illuminate\\Routing\\Router.php(476): Illuminate\\Routing\\Router->newRoute(Array, '/', Array)
#5 C:\\xampp2\\htdocs\\NETIC360APP\\vendor\\laravel\\framework\\src\\Illuminate\\Routing\\Router.php(455): Illuminate\\Routing\\Router->createRoute(Array, '/', Array)
#6 C:\\xampp2\\htdocs\\NETIC360APP\\vendor\\laravel\\framework\\src\\Illuminate\\Routing\\Router.php(147): Illuminate\\Routing\\Router->addRoute(Array, '/', '')
#7 C:\\xampp2\\htdocs\\NETIC360APP\\vendor\\laravel\\framework\\src\\Illuminate\\Support\\Facades\\Facade.php(261): Illuminate\\Routing\\Router->get('/', '')
#8 C:\\xampp2\\htdocs\\NETIC360APP\outes\\web.php(19): Illuminate\\Support\\Facades\\Facade::__callStatic('get', Array)
#9 C:\\xampp2\\htdocs\\NETIC360APP\\vendor\\laravel\\framework\\src\\Illuminate\\Routing\\RouteFileRegistrar.php(35): require('C:\\\\xampp2\\\\htdoc...')
#10 C:\\xampp2\\htdocs\\NETIC360APP\\vendor\\laravel\\framework\\src\\Illuminate\\Routing\\Router.php(425): Illuminate\\Routing\\RouteFileRegistrar->register('C:\\\\xampp2\\\\htdoc...')
#11 C:\\xampp2\\htdocs\\NETIC360APP\\vendor\\laravel\\framework\\src\\Illuminate\\Routing\\Router.php(382): Illuminate\\Routing\\Router->loadRoutes('C:\\\\xampp2\\\\htdoc...')
#12 C:\\xampp2\\htdocs\\NETIC360APP\\vendor\\laravel\\framework\\src\\Illuminate\\Routing\\RouteRegistrar.php(135): Illuminate\\Routing\\Router->group(Array, 'C:\\\\xampp2\\\\htdoc...')
#13 C:\\xampp2\\htdocs\\NETIC360APP\\app\\Providers\\RouteServiceProvider.php(56): Illuminate\\Routing\\RouteRegistrar->group('C:\\\\xampp2\\\\htdoc...')
#14 C:\\xampp2\\htdocs\\NETIC360APP\\app\\Providers\\RouteServiceProvider.php(40): App\\Providers\\RouteServiceProvider->mapWebRoutes()
#15 C:\\xampp2\\htdocs\\NETIC360APP\\vendor\\laravel\\framework\\src\\Illuminate\\Container\\BoundMethod.php(36): App\\Providers\\RouteServiceProvider->map()
#16 C:\\xampp2\\htdocs\\NETIC360APP\\vendor\\laravel\\framework\\src\\Illuminate\\Container\\Util.php(40): Illuminate\\Container\\BoundMethod::Illuminate\\Container\\{closure}()
#17 C:\\xampp2\\htdocs\\NETIC360APP\\vendor\\laravel\\framework\\src\\Illuminate\\Container\\BoundMethod.php(93): Illuminate\\Container\\Util::unwrapIfClosure(Object(Closure))
#18 C:\\xampp2\\htdocs\\NETIC360APP\\vendor\\laravel\\framework\\src\\Illuminate\\Container\\BoundMethod.php(37): Illuminate\\Container\\BoundMethod::callBoundMethod(Object(Illuminate\\Foundation\\Application), Array, Object(Closure))
#19 C:\\xampp2\\htdocs\\NETIC360APP\\vendor\\laravel\\framework\\src\\Illuminate\\Container\\Container.php(610): Illuminate\\Container\\BoundMethod::call(Object(Illuminate\\Foundation\\Application), Array, Array, NULL)
#20 C:\\xampp2\\htdocs\\NETIC360APP\\vendor\\laravel\\framework\\src\\Illuminate\\Foundation\\Support\\Providers\\RouteServiceProvider.php(122): Illuminate\\Container\\Container->call(Array)
#21 C:\\xampp2\\htdocs\\NETIC360APP\\vendor\\laravel\\framework\\src\\Illuminate\\Foundation\\Support\\Providers\\RouteServiceProvider.php(45): Illuminate\\Foundation\\Support\\Providers\\RouteServiceProvider->loadRoutes()
#22 C:\\xampp2\\htdocs\\NETIC360APP\\vendor\\laravel\\framework\\src\\Illuminate\\Container\\BoundMethod.php(36): Illuminate\\Foundation\\Support\\Providers\\RouteServiceProvider->Illuminate\\Foundation\\Support\\Providers\\{closure}()
#23 C:\\xampp2\\htdocs\\NETIC360APP\\vendor\\laravel\\framework\\src\\Illuminate\\Container\\Util.php(40): Illuminate\\Container\\BoundMethod::Illuminate\\Container\\{closure}()
#24 C:\\xampp2\\htdocs\\NETIC360APP\\vendor\\laravel\\framework\\src\\Illuminate\\Container\\BoundMethod.php(81): Illuminate\\Container\\Util::unwrapIfClosure(Object(Closure))
#25 C:\\xampp2\\htdocs\\NETIC360APP\\vendor\\laravel\\framework\\src\\Illuminate\\Container\\BoundMethod.php(37): Illuminate\\Container\\BoundMethod::callBoundMethod(Object(Illuminate\\Foundation\\Application), Object(Closure), Object(Closure))
#26 C:\\xampp2\\htdocs\\NETIC360APP\\vendor\\laravel\\framework\\src\\Illuminate\\Container\\Container.php(610): Illuminate\\Container\\BoundMethod::call(Object(Illuminate\\Foundation\\Application), Object(Closure), Array, NULL)
#27 C:\\xampp2\\htdocs\\NETIC360APP\\vendor\\laravel\\framework\\src\\Illuminate\\Support\\ServiceProvider.php(113): Illuminate\\Container\\Container->call(Object(Closure))
#28 C:\\xampp2\\htdocs\\NETIC360APP\\vendor\\laravel\\framework\\src\\Illuminate\\Foundation\\Application.php(902): Illuminate\\Support\\ServiceProvider->callBootedCallbacks()
#29 C:\\xampp2\\htdocs\\NETIC360APP\\vendor\\laravel\\framework\\src\\Illuminate\\Foundation\\Application.php(880): Illuminate\\Foundation\\Application->bootProvider(Object(App\\Providers\\RouteServiceProvider))
#30 [internal function]: Illuminate\\Foundation\\Application->Illuminate\\Foundation\\{closure}(Object(App\\Providers\\RouteServiceProvider), 58)
#31 C:\\xampp2\\htdocs\\NETIC360APP\\vendor\\laravel\\framework\\src\\Illuminate\\Foundation\\Application.php(881): array_walk(Array, Object(Closure))
#32 C:\\xampp2\\htdocs\\NETIC360APP\\vendor\\laravel\\framework\\src\\Illuminate\\Foundation\\Bootstrap\\BootProviders.php(17): Illuminate\\Foundation\\Application->boot()
#33 C:\\xampp2\\htdocs\\NETIC360APP\\vendor\\laravel\\framework\\src\\Illuminate\\Foundation\\Application.php(237): Illuminate\\Foundation\\Bootstrap\\BootProviders->bootstrap(Object(Illuminate\\Foundation\\Application))
#34 C:\\xampp2\\htdocs\\NETIC360APP\\vendor\\laravel\\framework\\src\\Illuminate\\Foundation\\Console\\Kernel.php(310): Illuminate\\Foundation\\Application->bootstrapWith(Array)
#35 C:\\xampp2\\htdocs\\NETIC360APP\\vendor\\laravel\\framework\\src\\Illuminate\\Foundation\\Console\\Kernel.php(127): Illuminate\\Foundation\\Console\\Kernel->bootstrap()
#36 Command line code(1): Illuminate\\Foundation\\Console\\Kernel->handle(Object(Symfony\\Component\\Console\\Input\\ArgvInput), Object(Symfony\\Component\\Console\\Output\\ConsoleOutput))
#37 {main}
"} 
[2021-02-08 16:40:54] production.ERROR: Invalid route action: [App\Http\Controllers\]. {"exception":"[object] (UnexpectedValueException(code: 0): Invalid route action: [App\\Http\\Controllers\\]. at C:\\xampp2\\htdocs\\NETIC360APP\\vendor\\laravel\\framework\\src\\Illuminate\\Routing\\RouteAction.php:92)
[stacktrace]
#0 C:\\xampp2\\htdocs\\NETIC360APP\\vendor\\laravel\\framework\\src\\Illuminate\\Routing\\RouteAction.php(47): Illuminate\\Routing\\RouteAction::makeInvokable('App\\\\Http\\\\Contro...')
#1 C:\\xampp2\\htdocs\\NETIC360APP\\vendor\\laravel\\framework\\src\\Illuminate\\Routing\\Route.php(183): Illuminate\\Routing\\RouteAction::parse('/', Array)
#2 C:\\xampp2\\htdocs\\NETIC360APP\\vendor\\laravel\\framework\\src\\Illuminate\\Routing\\Route.php(164): Illuminate\\Routing\\Route->parseAction(Array)
#3 C:\\xampp2\\htdocs\\NETIC360APP\\vendor\\laravel\\framework\\src\\Illuminate\\Routing\\Router.php(557): Illuminate\\Routing\\Route->__construct(Array, '/', Array)
#4 C:\\xampp2\\htdocs\\NETIC360APP\\vendor\\laravel\\framework\\src\\Illuminate\\Routing\\Router.php(476): Illuminate\\Routing\\Router->newRoute(Array, '/', Array)
#5 C:\\xampp2\\htdocs\\NETIC360APP\\vendor\\laravel\\framework\\src\\Illuminate\\Routing\\Router.php(455): Illuminate\\Routing\\Router->createRoute(Array, '/', Array)
#6 C:\\xampp2\\htdocs\\NETIC360APP\\vendor\\laravel\\framework\\src\\Illuminate\\Routing\\Router.php(147): Illuminate\\Routing\\Router->addRoute(Array, '/', '')
#7 C:\\xampp2\\htdocs\\NETIC360APP\\vendor\\laravel\\framework\\src\\Illuminate\\Support\\Facades\\Facade.php(261): Illuminate\\Routing\\Router->get('/', '')
#8 C:\\xampp2\\htdocs\\NETIC360APP\outes\\web.php(19): Illuminate\\Support\\Facades\\Facade::__callStatic('get', Array)
#9 C:\\xampp2\\htdocs\\NETIC360APP\\vendor\\laravel\\framework\\src\\Illuminate\\Routing\\RouteFileRegistrar.php(35): require('C:\\\\xampp2\\\\htdoc...')
#10 C:\\xampp2\\htdocs\\NETIC360APP\\vendor\\laravel\\framework\\src\\Illuminate\\Routing\\Router.php(425): Illuminate\\Routing\\RouteFileRegistrar->register('C:\\\\xampp2\\\\htdoc...')
#11 C:\\xampp2\\htdocs\\NETIC360APP\\vendor\\laravel\\framework\\src\\Illuminate\\Routing\\Router.php(382): Illuminate\\Routing\\Router->loadRoutes('C:\\\\xampp2\\\\htdoc...')
#12 C:\\xampp2\\htdocs\\NETIC360APP\\vendor\\laravel\\framework\\src\\Illuminate\\Routing\\RouteRegistrar.php(135): Illuminate\\Routing\\Router->group(Array, 'C:\\\\xampp2\\\\htdoc...')
#13 C:\\xampp2\\htdocs\\NETIC360APP\\app\\Providers\\RouteServiceProvider.php(56): Illuminate\\Routing\\RouteRegistrar->group('C:\\\\xampp2\\\\htdoc...')
#14 C:\\xampp2\\htdocs\\NETIC360APP\\app\\Providers\\RouteServiceProvider.php(40): App\\Providers\\RouteServiceProvider->mapWebRoutes()
#15 C:\\xampp2\\htdocs\\NETIC360APP\\vendor\\laravel\\framework\\src\\Illuminate\\Container\\BoundMethod.php(36): App\\Providers\\RouteServiceProvider->map()
#16 C:\\xampp2\\htdocs\\NETIC360APP\\vendor\\laravel\\framework\\src\\Illuminate\\Container\\Util.php(40): Illuminate\\Container\\BoundMethod::Illuminate\\Container\\{closure}()
#17 C:\\xampp2\\htdocs\\NETIC360APP\\vendor\\laravel\\framework\\src\\Illuminate\\Container\\BoundMethod.php(93): Illuminate\\Container\\Util::unwrapIfClosure(Object(Closure))
#18 C:\\xampp2\\htdocs\\NETIC360APP\\vendor\\laravel\\framework\\src\\Illuminate\\Container\\BoundMethod.php(37): Illuminate\\Container\\BoundMethod::callBoundMethod(Object(Illuminate\\Foundation\\Application), Array, Object(Closure))
#19 C:\\xampp2\\htdocs\\NETIC360APP\\vendor\\laravel\\framework\\src\\Illuminate\\Container\\Container.php(610): Illuminate\\Container\\BoundMethod::call(Object(Illuminate\\Foundation\\Application), Array, Array, NULL)
#20 C:\\xampp2\\htdocs\\NETIC360APP\\vendor\\laravel\\framework\\src\\Illuminate\\Foundation\\Support\\Providers\\RouteServiceProvider.php(122): Illuminate\\Container\\Container->call(Array)
#21 C:\\xampp2\\htdocs\\NETIC360APP\\vendor\\laravel\\framework\\src\\Illuminate\\Foundation\\Support\\Providers\\RouteServiceProvider.php(45): Illuminate\\Foundation\\Support\\Providers\\RouteServiceProvider->loadRoutes()
#22 C:\\xampp2\\htdocs\\NETIC360APP\\vendor\\laravel\\framework\\src\\Illuminate\\Container\\BoundMethod.php(36): Illuminate\\Foundation\\Support\\Providers\\RouteServiceProvider->Illuminate\\Foundation\\Support\\Providers\\{closure}()
#23 C:\\xampp2\\htdocs\\NETIC360APP\\vendor\\laravel\\framework\\src\\Illuminate\\Container\\Util.php(40): Illuminate\\Container\\BoundMethod::Illuminate\\Container\\{closure}()
#24 C:\\xampp2\\htdocs\\NETIC360APP\\vendor\\laravel\\framework\\src\\Illuminate\\Container\\BoundMethod.php(81): Illuminate\\Container\\Util::unwrapIfClosure(Object(Closure))
#25 C:\\xampp2\\htdocs\\NETIC360APP\\vendor\\laravel\\framework\\src\\Illuminate\\Container\\BoundMethod.php(37): Illuminate\\Container\\BoundMethod::callBoundMethod(Object(Illuminate\\Foundation\\Application), Object(Closure), Object(Closure))
#26 C:\\xampp2\\htdocs\\NETIC360APP\\vendor\\laravel\\framework\\src\\Illuminate\\Container\\Container.php(610): Illuminate\\Container\\BoundMethod::call(Object(Illuminate\\Foundation\\Application), Object(Closure), Array, NULL)
#27 C:\\xampp2\\htdocs\\NETIC360APP\\vendor\\laravel\\framework\\src\\Illuminate\\Support\\ServiceProvider.php(113): Illuminate\\Container\\Container->call(Object(Closure))
#28 C:\\xampp2\\htdocs\\NETIC360APP\\vendor\\laravel\\framework\\src\\Illuminate\\Foundation\\Application.php(902): Illuminate\\Support\\ServiceProvider->callBootedCallbacks()
#29 C:\\xampp2\\htdocs\\NETIC360APP\\vendor\\laravel\\framework\\src\\Illuminate\\Foundation\\Application.php(880): Illuminate\\Foundation\\Application->bootProvider(Object(App\\Providers\\RouteServiceProvider))
#30 [internal function]: Illuminate\\Foundation\\Application->Illuminate\\Foundation\\{closure}(Object(App\\Providers\\RouteServiceProvider), 58)
#31 C:\\xampp2\\htdocs\\NETIC360APP\\vendor\\laravel\\framework\\src\\Illuminate\\Foundation\\Application.php(881): array_walk(Array, Object(Closure))
#32 C:\\xampp2\\htdocs\\NETIC360APP\\vendor\\laravel\\framework\\src\\Illuminate\\Foundation\\Bootstrap\\BootProviders.php(17): Illuminate\\Foundation\\Application->boot()
#33 C:\\xampp2\\htdocs\\NETIC360APP\\vendor\\laravel\\framework\\src\\Illuminate\\Foundation\\Application.php(237): Illuminate\\Foundation\\Bootstrap\\BootProviders->bootstrap(Object(Illuminate\\Foundation\\Application))
#34 C:\\xampp2\\htdocs\\NETIC360APP\\vendor\\laravel\\framework\\src\\Illuminate\\Foundation\\Console\\Kernel.php(310): Illuminate\\Foundation\\Application->bootstrapWith(Array)
#35 C:\\xampp2\\htdocs\\NETIC360APP\\vendor\\laravel\\framework\\src\\Illuminate\\Foundation\\Console\\Kernel.php(127): Illuminate\\Foundation\\Console\\Kernel->bootstrap()
#36 Command line code(1): Illuminate\\Foundation\\Console\\Kernel->handle(Object(Symfony\\Component\\Console\\Input\\ArgvInput), Object(Symfony\\Component\\Console\\Output\\ConsoleOutput))
#37 {main}
"} 
[2021-02-08 21:02:47] production.ERROR: Command "create" is not defined.

Did you mean one of these?
    permission:create-permission
    permission:create-role {"exception":"[object] (Symfony\\Component\\Console\\Exception\\CommandNotFoundException(code: 0): Command \"create\" is not defined.

Did you mean one of these?
    permission:create-permission
    permission:create-role at C:\\xampp2\\htdocs\\NETIC360APP\\vendor\\symfony\\console\\Application.php:675)
[stacktrace]
#0 C:\\xampp2\\htdocs\\NETIC360APP\\vendor\\symfony\\console\\Application.php(254): Symfony\\Component\\Console\\Application->find('create')
#1 C:\\xampp2\\htdocs\\NETIC360APP\\vendor\\symfony\\console\\Application.php(166): Symfony\\Component\\Console\\Application->doRun(Object(Symfony\\Component\\Console\\Input\\ArgvInput), Object(Symfony\\Component\\Console\\Output\\ConsoleOutput))
#2 C:\\xampp2\\htdocs\\NETIC360APP\\vendor\\laravel\\framework\\src\\Illuminate\\Console\\Application.php(93): Symfony\\Component\\Console\\Application->run(Object(Symfony\\Component\\Console\\Input\\ArgvInput), Object(Symfony\\Component\\Console\\Output\\ConsoleOutput))
#3 C:\\xampp2\\htdocs\\NETIC360APP\\vendor\\laravel\\framework\\src\\Illuminate\\Foundation\\Console\\Kernel.php(129): Illuminate\\Console\\Application->run(Object(Symfony\\Component\\Console\\Input\\ArgvInput), Object(Symfony\\Component\\Console\\Output\\ConsoleOutput))
#4 C:\\xampp2\\htdocs\\NETIC360APP\\artisan(35): Illuminate\\Foundation\\Console\\Kernel->handle(Object(Symfony\\Component\\Console\\Input\\ArgvInput), Object(Symfony\\Component\\Console\\Output\\ConsoleOutput))
#5 {main}
"} 
[2021-02-08 21:32:39] production.ERROR: Call to undefined function App\Providers\settingsCacheName() {"exception":"[object] (Error(code: 0): Call to undefined function App\\Providers\\settingsCacheName() at C:\\xampp2\\htdocs\\NETIC360APP\\app\\Providers\\AppServiceProvider.php:20)
[stacktrace]
#0 C:\\xampp2\\htdocs\\NETIC360APP\\vendor\\laravel\\framework\\src\\Illuminate\\Container\\BoundMethod.php(36): App\\Providers\\AppServiceProvider->boot(Object(Illuminate\\Routing\\UrlGenerator), Object(Illuminate\\Http\\Request))
#1 C:\\xampp2\\htdocs\\NETIC360APP\\vendor\\laravel\\framework\\src\\Illuminate\\Container\\Util.php(40): Illuminate\\Container\\BoundMethod::Illuminate\\Container\\{closure}()
#2 C:\\xampp2\\htdocs\\NETIC360APP\\vendor\\laravel\\framework\\src\\Illuminate\\Container\\BoundMethod.php(93): Illuminate\\Container\\Util::unwrapIfClosure(Object(Closure))
#3 C:\\xampp2\\htdocs\\NETIC360APP\\vendor\\laravel\\framework\\src\\Illuminate\\Container\\BoundMethod.php(37): Illuminate\\Container\\BoundMethod::callBoundMethod(Object(Illuminate\\Foundation\\Application), Array, Object(Closure))
#4 C:\\xampp2\\htdocs\\NETIC360APP\\vendor\\laravel\\framework\\src\\Illuminate\\Container\\Container.php(610): Illuminate\\Container\\BoundMethod::call(Object(Illuminate\\Foundation\\Application), Array, Array, NULL)
#5 C:\\xampp2\\htdocs\\NETIC360APP\\vendor\\laravel\\framework\\src\\Illuminate\\Foundation\\Application.php(899): Illuminate\\Container\\Container->call(Array)
#6 C:\\xampp2\\htdocs\\NETIC360APP\\vendor\\laravel\\framework\\src\\Illuminate\\Foundation\\Application.php(880): Illuminate\\Foundation\\Application->bootProvider(Object(App\\Providers\\AppServiceProvider))
#7 [internal function]: Illuminate\\Foundation\\Application->Illuminate\\Foundation\\{closure}(Object(App\\Providers\\AppServiceProvider), 54)
#8 C:\\xampp2\\htdocs\\NETIC360APP\\vendor\\laravel\\framework\\src\\Illuminate\\Foundation\\Application.php(881): array_walk(Array, Object(Closure))
#9 C:\\xampp2\\htdocs\\NETIC360APP\\vendor\\laravel\\framework\\src\\Illuminate\\Foundation\\Bootstrap\\BootProviders.php(17): Illuminate\\Foundation\\Application->boot()
#10 C:\\xampp2\\htdocs\\NETIC360APP\\vendor\\laravel\\framework\\src\\Illuminate\\Foundation\\Application.php(237): Illuminate\\Foundation\\Bootstrap\\BootProviders->bootstrap(Object(Illuminate\\Foundation\\Application))
#11 C:\\xampp2\\htdocs\\NETIC360APP\\vendor\\laravel\\framework\\src\\Illuminate\\Foundation\\Console\\Kernel.php(310): Illuminate\\Foundation\\Application->bootstrapWith(Array)
#12 C:\\xampp2\\htdocs\\NETIC360APP\\vendor\\laravel\\framework\\src\\Illuminate\\Foundation\\Console\\Kernel.php(127): Illuminate\\Foundation\\Console\\Kernel->bootstrap()
#13 Command line code(1): Illuminate\\Foundation\\Console\\Kernel->handle(Object(Symfony\\Component\\Console\\Input\\ArgvInput), Object(Symfony\\Component\\Console\\Output\\ConsoleOutput))
#14 {main}
"} 
