[2021-02-09 00:32:32] production.ERROR: Too few arguments to function Illuminate\Cache\Repository::remember(), 1 passed in C:\xampp2\htdocs\NETIC360APP\vendor\laravel\framework\src\Illuminate\Cache\CacheManager.php on line 406 and exactly 3 expected (View: C:\xampp2\htdocs\NETIC360APP\resources\views\partial\main_menu.blade.php) {"userId":1,"exception":"[object] (Facade\\Ignition\\Exceptions\\ViewException(code: 0): Too few arguments to function Illuminate\\Cache\\Repository::remember(), 1 passed in C:\\xampp2\\htdocs\\NETIC360APP\\vendor\\laravel\\framework\\src\\Illuminate\\Cache\\CacheManager.php on line 406 and exactly 3 expected (View: C:\\xampp2\\htdocs\\NETIC360APP\esources\\views\\partial\\main_menu.blade.php) at C:\\xampp2\\htdocs\\NETIC360APP\\vendor\\laravel\\framework\\src\\Illuminate\\Cache\\Repository.php:374)
[stacktrace]
#0 C:\\xampp2\\htdocs\\NETIC360APP\\vendor\\laravel\\framework\\src\\Illuminate\\Cache\\CacheManager.php(406): Illuminate\\Cache\\Repository->remember(Object(Closure))
#1 C:\\xampp2\\htdocs\\NETIC360APP\\vendor\\laravel\\framework\\src\\Illuminate\\Support\\Facades\\Facade.php(261): Illuminate\\Cache\\CacheManager->__call('remember', Array)
#2 C:\\xampp2\\htdocs\\NETIC360APP\\app\\Helpers\\App.php(798): Illuminate\\Support\\Facades\\Facade::__callStatic('remember', Array)
#3 C:\\xampp2\\htdocs\\NETIC360APP\esources\\views/partial/main_menu.blade.php(53): mainMenu()
#4 C:\\xampp2\\htdocs\\NETIC360APP\\vendor\\laravel\\framework\\src\\Illuminate\\Filesystem\\Filesystem.php(107): require('C:\\\\xampp2\\\\htdoc...')
#5 C:\\xampp2\\htdocs\\NETIC360APP\\vendor\\laravel\\framework\\src\\Illuminate\\Filesystem\\Filesystem.php(108): Illuminate\\Filesystem\\Filesystem::Illuminate\\Filesystem\\{closure}()
#6 C:\\xampp2\\htdocs\\NETIC360APP\\vendor\\laravel\\framework\\src\\Illuminate\\View\\Engines\\PhpEngine.php(58): Illuminate\\Filesystem\\Filesystem->getRequire('C:\\\\xampp2\\\\htdoc...', Array)
#7 C:\\xampp2\\htdocs\\NETIC360APP\\vendor\\livewire\\livewire\\src\\ComponentConcerns\\RendersLivewireComponents.php(37): Illuminate\\View\\Engines\\PhpEngine->evaluatePath('C:\\\\xampp2\\\\htdoc...', Array)
#8 C:\\xampp2\\htdocs\\NETIC360APP\\vendor\\laravel\\framework\\src\\Illuminate\\View\\Engines\\CompilerEngine.php(61): Livewire\\CompilerEngineForIgnition->evaluatePath('C:\\\\xampp2\\\\htdoc...', Array)
#9 C:\\xampp2\\htdocs\\NETIC360APP\\vendor\\facade\\ignition\\src\\Views\\Engines\\CompilerEngine.php(37): Illuminate\\View\\Engines\\CompilerEngine->get('C:\\\\xampp2\\\\htdoc...', Array)
#10 C:\\xampp2\\htdocs\\NETIC360APP\\vendor\\laravel\\framework\\src\\Illuminate\\View\\View.php(139): Facade\\Ignition\\Views\\Engines\\CompilerEngine->get('C:\\\\xampp2\\\\htdoc...', Array)
#11 C:\\xampp2\\htdocs\\NETIC360APP\\vendor\\laravel\\framework\\src\\Illuminate\\View\\View.php(122): Illuminate\\View\\View->getContents()
#12 C:\\xampp2\\htdocs\\NETIC360APP\\vendor\\laravel\\framework\\src\\Illuminate\\View\\View.php(91): Illuminate\\View\\View->renderContents()
#13 C:\\xampp2\\htdocs\\NETIC360APP\esources\\views/layouts/app.blade.php(181): Illuminate\\View\\View->render()
#14 C:\\xampp2\\htdocs\\NETIC360APP\\vendor\\laravel\\framework\\src\\Illuminate\\Filesystem\\Filesystem.php(107): require('C:\\\\xampp2\\\\htdoc...')
#15 C:\\xampp2\\htdocs\\NETIC360APP\\vendor\\laravel\\framework\\src\\Illuminate\\Filesystem\\Filesystem.php(108): Illuminate\\Filesystem\\Filesystem::Illuminate\\Filesystem\\{closure}()
#16 C:\\xampp2\\htdocs\\NETIC360APP\\vendor\\laravel\\framework\\src\\Illuminate\\View\\Engines\\PhpEngine.php(58): Illuminate\\Filesystem\\Filesystem->getRequire('C:\\\\xampp2\\\\htdoc...', Array)
#17 C:\\xampp2\\htdocs\\NETIC360APP\\vendor\\livewire\\livewire\\src\\ComponentConcerns\\RendersLivewireComponents.php(37): Illuminate\\View\\Engines\\PhpEngine->evaluatePath('C:\\\\xampp2\\\\htdoc...', Array)
#18 C:\\xampp2\\htdocs\\NETIC360APP\\vendor\\laravel\\framework\\src\\Illuminate\\View\\Engines\\CompilerEngine.php(61): Livewire\\CompilerEngineForIgnition->evaluatePath('C:\\\\xampp2\\\\htdoc...', Array)
#19 C:\\xampp2\\htdocs\\NETIC360APP\\vendor\\facade\\ignition\\src\\Views\\Engines\\CompilerEngine.php(37): Illuminate\\View\\Engines\\CompilerEngine->get('C:\\\\xampp2\\\\htdoc...', Array)
#20 C:\\xampp2\\htdocs\\NETIC360APP\\vendor\\laravel\\framework\\src\\Illuminate\\View\\View.php(139): Facade\\Ignition\\Views\\Engines\\CompilerEngine->get('C:\\\\xampp2\\\\htdoc...', Array)
#21 C:\\xampp2\\htdocs\\NETIC360APP\\vendor\\laravel\\framework\\src\\Illuminate\\View\\View.php(122): Illuminate\\View\\View->getContents()
#22 C:\\xampp2\\htdocs\\NETIC360APP\\vendor\\laravel\\framework\\src\\Illuminate\\View\\View.php(91): Illuminate\\View\\View->renderContents()
#23 C:\\xampp2\\htdocs\\NETIC360APP\\Modules\\Dashboard\\Providers/../Resources/views/welcome.blade.php(31): Illuminate\\View\\View->render()
#24 C:\\xampp2\\htdocs\\NETIC360APP\\vendor\\laravel\\framework\\src\\Illuminate\\Filesystem\\Filesystem.php(107): require('C:\\\\xampp2\\\\htdoc...')
#25 C:\\xampp2\\htdocs\\NETIC360APP\\vendor\\laravel\\framework\\src\\Illuminate\\Filesystem\\Filesystem.php(108): Illuminate\\Filesystem\\Filesystem::Illuminate\\Filesystem\\{closure}()
#26 C:\\xampp2\\htdocs\\NETIC360APP\\vendor\\laravel\\framework\\src\\Illuminate\\View\\Engines\\PhpEngine.php(58): Illuminate\\Filesystem\\Filesystem->getRequire('C:\\\\xampp2\\\\htdoc...', Array)
#27 C:\\xampp2\\htdocs\\NETIC360APP\\vendor\\livewire\\livewire\\src\\ComponentConcerns\\RendersLivewireComponents.php(37): Illuminate\\View\\Engines\\PhpEngine->evaluatePath('C:\\\\xampp2\\\\htdoc...', Array)
#28 C:\\xampp2\\htdocs\\NETIC360APP\\vendor\\laravel\\framework\\src\\Illuminate\\View\\Engines\\CompilerEngine.php(61): Livewire\\CompilerEngineForIgnition->evaluatePath('C:\\\\xampp2\\\\htdoc...', Array)
#29 C:\\xampp2\\htdocs\\NETIC360APP\\vendor\\facade\\ignition\\src\\Views\\Engines\\CompilerEngine.php(37): Illuminate\\View\\Engines\\CompilerEngine->get('C:\\\\xampp2\\\\htdoc...', Array)
#30 C:\\xampp2\\htdocs\\NETIC360APP\\vendor\\laravel\\framework\\src\\Illuminate\\View\\View.php(139): Facade\\Ignition\\Views\\Engines\\CompilerEngine->get('C:\\\\xampp2\\\\htdoc...', Array)
#31 C:\\xampp2\\htdocs\\NETIC360APP\\vendor\\laravel\\framework\\src\\Illuminate\\View\\View.php(122): Illuminate\\View\\View->getContents()
#32 C:\\xampp2\\htdocs\\NETIC360APP\\vendor\\laravel\\framework\\src\\Illuminate\\View\\View.php(91): Illuminate\\View\\View->renderContents()
#33 C:\\xampp2\\htdocs\\NETIC360APP\\vendor\\laravel\\framework\\src\\Illuminate\\Http\\Response.php(62): Illuminate\\View\\View->render()
#34 C:\\xampp2\\htdocs\\NETIC360APP\\vendor\\laravel\\framework\\src\\Illuminate\\Http\\Response.php(34): Illuminate\\Http\\Response->setContent(Object(Illuminate\\View\\View))
#35 C:\\xampp2\\htdocs\\NETIC360APP\\vendor\\laravel\\framework\\src\\Illuminate\\Routing\\Router.php(783): Illuminate\\Http\\Response->__construct(Object(Illuminate\\View\\View), 200, Array)
#36 C:\\xampp2\\htdocs\\NETIC360APP\\vendor\\laravel\\framework\\src\\Illuminate\\Routing\\Router.php(753): Illuminate\\Routing\\Router::toResponse(Object(Illuminate\\Http\\Request), Object(Illuminate\\View\\View))
#37 C:\\xampp2\\htdocs\\NETIC360APP\\vendor\\laravel\\framework\\src\\Illuminate\\Routing\\Router.php(693): Illuminate\\Routing\\Router->prepareResponse(Object(Illuminate\\Http\\Request), Object(Illuminate\\View\\View))
#38 C:\\xampp2\\htdocs\\NETIC360APP\\vendor\\laravel\\framework\\src\\Illuminate\\Pipeline\\Pipeline.php(128): Illuminate\\Routing\\Router->Illuminate\\Routing\\{closure}(Object(Illuminate\\Http\\Request))
#39 C:\\xampp2\\htdocs\\NETIC360APP\\app\\Http\\Middleware\\Google2FAMiddleware.php(20): Illuminate\\Pipeline\\Pipeline->Illuminate\\Pipeline\\{closure}(Object(Illuminate\\Http\\Request))
#40 C:\\xampp2\\htdocs\\NETIC360APP\\vendor\\laravel\\framework\\src\\Illuminate\\Pipeline\\Pipeline.php(167): App\\Http\\Middleware\\Google2FAMiddleware->handle(Object(Illuminate\\Http\\Request), Object(Closure))
#41 C:\\xampp2\\htdocs\\NETIC360APP\\vendor\\laravel\\framework\\src\\Illuminate\\Auth\\Middleware\\EnsureEmailIsVerified.php(30): Illuminate\\Pipeline\\Pipeline->Illuminate\\Pipeline\\{closure}(Object(Illuminate\\Http\\Request))
#42 C:\\xampp2\\htdocs\\NETIC360APP\\vendor\\laravel\\framework\\src\\Illuminate\\Pipeline\\Pipeline.php(167): Illuminate\\Auth\\Middleware\\EnsureEmailIsVerified->handle(Object(Illuminate\\Http\\Request), Object(Closure))
#43 C:\\xampp2\\htdocs\\NETIC360APP\\app\\Http\\Middleware\\CheckInstalled.php(36): Illuminate\\Pipeline\\Pipeline->Illuminate\\Pipeline\\{closure}(Object(Illuminate\\Http\\Request))
#44 C:\\xampp2\\htdocs\\NETIC360APP\\vendor\\laravel\\framework\\src\\Illuminate\\Pipeline\\Pipeline.php(167): App\\Http\\Middleware\\CheckInstalled->handle(Object(Illuminate\\Http\\Request), Object(Closure))
#45 C:\\xampp2\\htdocs\\NETIC360APP\\app\\Http\\Middleware\\CheckBanned.php(17): Illuminate\\Pipeline\\Pipeline->Illuminate\\Pipeline\\{closure}(Object(Illuminate\\Http\\Request))
#46 C:\\xampp2\\htdocs\\NETIC360APP\\vendor\\laravel\\framework\\src\\Illuminate\\Pipeline\\Pipeline.php(167): App\\Http\\Middleware\\CheckBanned->handle(Object(Illuminate\\Http\\Request), Object(Closure))
#47 C:\\xampp2\\htdocs\\NETIC360APP\\app\\Http\\Middleware\\Workice.php(24): Illuminate\\Pipeline\\Pipeline->Illuminate\\Pipeline\\{closure}(Object(Illuminate\\Http\\Request))
#48 C:\\xampp2\\htdocs\\NETIC360APP\\vendor\\laravel\\framework\\src\\Illuminate\\Pipeline\\Pipeline.php(167): App\\Http\\Middleware\\Workice->handle(Object(Illuminate\\Http\\Request), Object(Closure))
#49 C:\\xampp2\\htdocs\\NETIC360APP\\app\\Http\\Middleware\\Locale.php(31): Illuminate\\Pipeline\\Pipeline->Illuminate\\Pipeline\\{closure}(Object(Illuminate\\Http\\Request))
#50 C:\\xampp2\\htdocs\\NETIC360APP\\vendor\\laravel\\framework\\src\\Illuminate\\Pipeline\\Pipeline.php(167): App\\Http\\Middleware\\Locale->handle(Object(Illuminate\\Http\\Request), Object(Closure))
#51 C:\\xampp2\\htdocs\\NETIC360APP\\vendor\\laravel\\passport\\src\\Http\\Middleware\\CreateFreshApiToken.php(50): Illuminate\\Pipeline\\Pipeline->Illuminate\\Pipeline\\{closure}(Object(Illuminate\\Http\\Request))
#52 C:\\xampp2\\htdocs\\NETIC360APP\\vendor\\laravel\\framework\\src\\Illuminate\\Pipeline\\Pipeline.php(167): Laravel\\Passport\\Http\\Middleware\\CreateFreshApiToken->handle(Object(Illuminate\\Http\\Request), Object(Closure))
#53 C:\\xampp2\\htdocs\\NETIC360APP\\vendor\\laravel\\framework\\src\\Illuminate\\Routing\\Middleware\\SubstituteBindings.php(50): Illuminate\\Pipeline\\Pipeline->Illuminate\\Pipeline\\{closure}(Object(Illuminate\\Http\\Request))
#54 C:\\xampp2\\htdocs\\NETIC360APP\\vendor\\laravel\\framework\\src\\Illuminate\\Pipeline\\Pipeline.php(167): Illuminate\\Routing\\Middleware\\SubstituteBindings->handle(Object(Illuminate\\Http\\Request), Object(Closure))
#55 C:\\xampp2\\htdocs\\NETIC360APP\\vendor\\laravel\\framework\\src\\Illuminate\\Auth\\Middleware\\Authenticate.php(44): Illuminate\\Pipeline\\Pipeline->Illuminate\\Pipeline\\{closure}(Object(Illuminate\\Http\\Request))
#56 C:\\xampp2\\htdocs\\NETIC360APP\\vendor\\laravel\\framework\\src\\Illuminate\\Pipeline\\Pipeline.php(167): Illuminate\\Auth\\Middleware\\Authenticate->handle(Object(Illuminate\\Http\\Request), Object(Closure))
#57 C:\\xampp2\\htdocs\\NETIC360APP\\vendor\\laravel\\framework\\src\\Illuminate\\Foundation\\Http\\Middleware\\VerifyCsrfToken.php(78): Illuminate\\Pipeline\\Pipeline->Illuminate\\Pipeline\\{closure}(Object(Illuminate\\Http\\Request))
#58 C:\\xampp2\\htdocs\\NETIC360APP\\vendor\\laravel\\framework\\src\\Illuminate\\Pipeline\\Pipeline.php(167): Illuminate\\Foundation\\Http\\Middleware\\VerifyCsrfToken->handle(Object(Illuminate\\Http\\Request), Object(Closure))
#59 C:\\xampp2\\htdocs\\NETIC360APP\\vendor\\laravel\\framework\\src\\Illuminate\\View\\Middleware\\ShareErrorsFromSession.php(49): Illuminate\\Pipeline\\Pipeline->Illuminate\\Pipeline\\{closure}(Object(Illuminate\\Http\\Request))
#60 C:\\xampp2\\htdocs\\NETIC360APP\\vendor\\laravel\\framework\\src\\Illuminate\\Pipeline\\Pipeline.php(167): Illuminate\\View\\Middleware\\ShareErrorsFromSession->handle(Object(Illuminate\\Http\\Request), Object(Closure))
#61 C:\\xampp2\\htdocs\\NETIC360APP\\vendor\\laravel\\framework\\src\\Illuminate\\Session\\Middleware\\StartSession.php(121): Illuminate\\Pipeline\\Pipeline->Illuminate\\Pipeline\\{closure}(Object(Illuminate\\Http\\Request))
#62 C:\\xampp2\\htdocs\\NETIC360APP\\vendor\\laravel\\framework\\src\\Illuminate\\Session\\Middleware\\StartSession.php(63): Illuminate\\Session\\Middleware\\StartSession->handleStatefulRequest(Object(Illuminate\\Http\\Request), Object(Illuminate\\Session\\Store), Object(Closure))
#63 C:\\xampp2\\htdocs\\NETIC360APP\\vendor\\laravel\\framework\\src\\Illuminate\\Pipeline\\Pipeline.php(167): Illuminate\\Session\\Middleware\\StartSession->handle(Object(Illuminate\\Http\\Request), Object(Closure))
#64 C:\\xampp2\\htdocs\\NETIC360APP\\vendor\\laravel\\framework\\src\\Illuminate\\Cookie\\Middleware\\AddQueuedCookiesToResponse.php(37): Illuminate\\Pipeline\\Pipeline->Illuminate\\Pipeline\\{closure}(Object(Illuminate\\Http\\Request))
#65 C:\\xampp2\\htdocs\\NETIC360APP\\vendor\\laravel\\framework\\src\\Illuminate\\Pipeline\\Pipeline.php(167): Illuminate\\Cookie\\Middleware\\AddQueuedCookiesToResponse->handle(Object(Illuminate\\Http\\Request), Object(Closure))
#66 C:\\xampp2\\htdocs\\NETIC360APP\\vendor\\laravel\\framework\\src\\Illuminate\\Cookie\\Middleware\\EncryptCookies.php(67): Illuminate\\Pipeline\\Pipeline->Illuminate\\Pipeline\\{closure}(Object(Illuminate\\Http\\Request))
#67 C:\\xampp2\\htdocs\\NETIC360APP\\vendor\\laravel\\framework\\src\\Illuminate\\Pipeline\\Pipeline.php(167): Illuminate\\Cookie\\Middleware\\EncryptCookies->handle(Object(Illuminate\\Http\\Request), Object(Closure))
#68 C:\\xampp2\\htdocs\\NETIC360APP\\vendor\\laravel\\framework\\src\\Illuminate\\Pipeline\\Pipeline.php(103): Illuminate\\Pipeline\\Pipeline->Illuminate\\Pipeline\\{closure}(Object(Illuminate\\Http\\Request))
#69 C:\\xampp2\\htdocs\\NETIC360APP\\vendor\\laravel\\framework\\src\\Illuminate\\Routing\\Router.php(695): Illuminate\\Pipeline\\Pipeline->then(Object(Closure))
#70 C:\\xampp2\\htdocs\\NETIC360APP\\vendor\\laravel\\framework\\src\\Illuminate\\Routing\\Router.php(670): Illuminate\\Routing\\Router->runRouteWithinStack(Object(Illuminate\\Routing\\Route), Object(Illuminate\\Http\\Request))
#71 C:\\xampp2\\htdocs\\NETIC360APP\\vendor\\laravel\\framework\\src\\Illuminate\\Routing\\Router.php(636): Illuminate\\Routing\\Router->runRoute(Object(Illuminate\\Http\\Request), Object(Illuminate\\Routing\\Route))
#72 C:\\xampp2\\htdocs\\NETIC360APP\\vendor\\laravel\\framework\\src\\Illuminate\\Routing\\Router.php(625): Illuminate\\Routing\\Router->dispatchToRoute(Object(Illuminate\\Http\\Request))
#73 C:\\xampp2\\htdocs\\NETIC360APP\\vendor\\laravel\\framework\\src\\Illuminate\\Foundation\\Http\\Kernel.php(166): Illuminate\\Routing\\Router->dispatch(Object(Illuminate\\Http\\Request))
#74 C:\\xampp2\\htdocs\\NETIC360APP\\vendor\\laravel\\framework\\src\\Illuminate\\Pipeline\\Pipeline.php(128): Illuminate\\Foundation\\Http\\Kernel->Illuminate\\Foundation\\Http\\{closure}(Object(Illuminate\\Http\\Request))
#75 C:\\xampp2\\htdocs\\NETIC360APP\\vendor\\barryvdh\\laravel-debugbar\\src\\Middleware\\InjectDebugbar.php(60): Illuminate\\Pipeline\\Pipeline->Illuminate\\Pipeline\\{closure}(Object(Illuminate\\Http\\Request))
#76 C:\\xampp2\\htdocs\\NETIC360APP\\vendor\\laravel\\framework\\src\\Illuminate\\Pipeline\\Pipeline.php(167): Barryvdh\\Debugbar\\Middleware\\InjectDebugbar->handle(Object(Illuminate\\Http\\Request), Object(Closure))
#77 C:\\xampp2\\htdocs\\NETIC360APP\\app\\Http\\Middleware\\OverrideConfig.php(21): Illuminate\\Pipeline\\Pipeline->Illuminate\\Pipeline\\{closure}(Object(Illuminate\\Http\\Request))
#78 C:\\xampp2\\htdocs\\NETIC360APP\\vendor\\laravel\\framework\\src\\Illuminate\\Pipeline\\Pipeline.php(167): App\\Http\\Middleware\\OverrideConfig->handle(Object(Illuminate\\Http\\Request), Object(Closure))
#79 C:\\xampp2\\htdocs\\NETIC360APP\\vendor\\fideloper\\proxy\\src\\TrustProxies.php(57): Illuminate\\Pipeline\\Pipeline->Illuminate\\Pipeline\\{closure}(Object(Illuminate\\Http\\Request))
#80 C:\\xampp2\\htdocs\\NETIC360APP\\vendor\\laravel\\framework\\src\\Illuminate\\Pipeline\\Pipeline.php(167): Fideloper\\Proxy\\TrustProxies->handle(Object(Illuminate\\Http\\Request), Object(Closure))
#81 C:\\xampp2\\htdocs\\NETIC360APP\\vendor\\bepsvpt\\secure-headers\\src\\SecureHeadersMiddleware.php(21): Illuminate\\Pipeline\\Pipeline->Illuminate\\Pipeline\\{closure}(Object(Illuminate\\Http\\Request))
#82 C:\\xampp2\\htdocs\\NETIC360APP\\vendor\\laravel\\framework\\src\\Illuminate\\Pipeline\\Pipeline.php(167): Bepsvpt\\SecureHeaders\\SecureHeadersMiddleware->handle(Object(Illuminate\\Http\\Request), Object(Closure))
#83 C:\\xampp2\\htdocs\\NETIC360APP\\app\\Http\\Middleware\\FilterIfPjax.php(27): Illuminate\\Pipeline\\Pipeline->Illuminate\\Pipeline\\{closure}(Object(Illuminate\\Http\\Request))
#84 C:\\xampp2\\htdocs\\NETIC360APP\\vendor\\laravel\\framework\\src\\Illuminate\\Pipeline\\Pipeline.php(167): App\\Http\\Middleware\\FilterIfPjax->handle(Object(Illuminate\\Http\\Request), Object(Closure))
#85 C:\\xampp2\\htdocs\\NETIC360APP\\app\\Http\\Middleware\\CheckXSS.php(33): Illuminate\\Pipeline\\Pipeline->Illuminate\\Pipeline\\{closure}(Object(Illuminate\\Http\\Request))
#86 C:\\xampp2\\htdocs\\NETIC360APP\\vendor\\laravel\\framework\\src\\Illuminate\\Pipeline\\Pipeline.php(167): App\\Http\\Middleware\\CheckXSS->handle(Object(Illuminate\\Http\\Request), Object(Closure))
#87 C:\\xampp2\\htdocs\\NETIC360APP\\vendor\enatomarinho\\laravel-page-speed\\src\\Middleware\\PageSpeed.php(28): Illuminate\\Pipeline\\Pipeline->Illuminate\\Pipeline\\{closure}(Object(Illuminate\\Http\\Request))
#88 C:\\xampp2\\htdocs\\NETIC360APP\\vendor\\laravel\\framework\\src\\Illuminate\\Pipeline\\Pipeline.php(167): RenatoMarinho\\LaravelPageSpeed\\Middleware\\PageSpeed->handle(Object(Illuminate\\Http\\Request), Object(Closure))
#89 C:\\xampp2\\htdocs\\NETIC360APP\\vendor\enatomarinho\\laravel-page-speed\\src\\Middleware\\PageSpeed.php(28): Illuminate\\Pipeline\\Pipeline->Illuminate\\Pipeline\\{closure}(Object(Illuminate\\Http\\Request))
#90 C:\\xampp2\\htdocs\\NETIC360APP\\vendor\\laravel\\framework\\src\\Illuminate\\Pipeline\\Pipeline.php(167): RenatoMarinho\\LaravelPageSpeed\\Middleware\\PageSpeed->handle(Object(Illuminate\\Http\\Request), Object(Closure))
#91 C:\\xampp2\\htdocs\\NETIC360APP\\vendor\enatomarinho\\laravel-page-speed\\src\\Middleware\\PageSpeed.php(28): Illuminate\\Pipeline\\Pipeline->Illuminate\\Pipeline\\{closure}(Object(Illuminate\\Http\\Request))
#92 C:\\xampp2\\htdocs\\NETIC360APP\\vendor\\laravel\\framework\\src\\Illuminate\\Pipeline\\Pipeline.php(167): RenatoMarinho\\LaravelPageSpeed\\Middleware\\PageSpeed->handle(Object(Illuminate\\Http\\Request), Object(Closure))
#93 C:\\xampp2\\htdocs\\NETIC360APP\\vendor\\laravel\\framework\\src\\Illuminate\\Foundation\\Http\\Middleware\\TransformsRequest.php(21): Illuminate\\Pipeline\\Pipeline->Illuminate\\Pipeline\\{closure}(Object(Illuminate\\Http\\Request))
#94 C:\\xampp2\\htdocs\\NETIC360APP\\vendor\\laravel\\framework\\src\\Illuminate\\Pipeline\\Pipeline.php(167): Illuminate\\Foundation\\Http\\Middleware\\TransformsRequest->handle(Object(Illuminate\\Http\\Request), Object(Closure))
#95 C:\\xampp2\\htdocs\\NETIC360APP\\vendor\\laravel\\framework\\src\\Illuminate\\Foundation\\Http\\Middleware\\TransformsRequest.php(21): Illuminate\\Pipeline\\Pipeline->Illuminate\\Pipeline\\{closure}(Object(Illuminate\\Http\\Request))
#96 C:\\xampp2\\htdocs\\NETIC360APP\\vendor\\laravel\\framework\\src\\Illuminate\\Pipeline\\Pipeline.php(167): Illuminate\\Foundation\\Http\\Middleware\\TransformsRequest->handle(Object(Illuminate\\Http\\Request), Object(Closure))
#97 C:\\xampp2\\htdocs\\NETIC360APP\\vendor\\laravel\\framework\\src\\Illuminate\\Foundation\\Http\\Middleware\\ValidatePostSize.php(27): Illuminate\\Pipeline\\Pipeline->Illuminate\\Pipeline\\{closure}(Object(Illuminate\\Http\\Request))
#98 C:\\xampp2\\htdocs\\NETIC360APP\\vendor\\laravel\\framework\\src\\Illuminate\\Pipeline\\Pipeline.php(167): Illuminate\\Foundation\\Http\\Middleware\\ValidatePostSize->handle(Object(Illuminate\\Http\\Request), Object(Closure))
#99 C:\\xampp2\\htdocs\\NETIC360APP\\vendor\\laravel\\framework\\src\\Illuminate\\Foundation\\Http\\Middleware\\PreventRequestsDuringMaintenance.php(86): Illuminate\\Pipeline\\Pipeline->Illuminate\\Pipeline\\{closure}(Object(Illuminate\\Http\\Request))
#100 C:\\xampp2\\htdocs\\NETIC360APP\\vendor\\laravel\\framework\\src\\Illuminate\\Pipeline\\Pipeline.php(167): Illuminate\\Foundation\\Http\\Middleware\\PreventRequestsDuringMaintenance->handle(Object(Illuminate\\Http\\Request), Object(Closure))
#101 C:\\xampp2\\htdocs\\NETIC360APP\\vendor\\laravel\\framework\\src\\Illuminate\\Pipeline\\Pipeline.php(103): Illuminate\\Pipeline\\Pipeline->Illuminate\\Pipeline\\{closure}(Object(Illuminate\\Http\\Request))
#102 C:\\xampp2\\htdocs\\NETIC360APP\\vendor\\laravel\\framework\\src\\Illuminate\\Foundation\\Http\\Kernel.php(141): Illuminate\\Pipeline\\Pipeline->then(Object(Closure))
#103 C:\\xampp2\\htdocs\\NETIC360APP\\vendor\\laravel\\framework\\src\\Illuminate\\Foundation\\Http\\Kernel.php(110): Illuminate\\Foundation\\Http\\Kernel->sendRequestThroughRouter(Object(Illuminate\\Http\\Request))
#104 C:\\xampp2\\htdocs\\NETIC360APP\\public\\index.php(54): Illuminate\\Foundation\\Http\\Kernel->handle(Object(Illuminate\\Http\\Request))
#105 C:\\xampp2\\htdocs\\NETIC360APP\\server.php(21): require_once('C:\\\\xampp2\\\\htdoc...')
#106 {main}

[previous exception] [object] (ArgumentCountError(code: 0): Too few arguments to function Illuminate\\Cache\\Repository::remember(), 1 passed in C:\\xampp2\\htdocs\\NETIC360APP\\vendor\\laravel\\framework\\src\\Illuminate\\Cache\\CacheManager.php on line 406 and exactly 3 expected at C:\\xampp2\\htdocs\\NETIC360APP\\vendor\\laravel\\framework\\src\\Illuminate\\Cache\\Repository.php:374)
[stacktrace]
#0 C:\\xampp2\\htdocs\\NETIC360APP\\vendor\\laravel\\framework\\src\\Illuminate\\Cache\\CacheManager.php(406): Illuminate\\Cache\\Repository->remember(Object(Closure))
#1 C:\\xampp2\\htdocs\\NETIC360APP\\vendor\\laravel\\framework\\src\\Illuminate\\Support\\Facades\\Facade.php(261): Illuminate\\Cache\\CacheManager->__call('remember', Array)
#2 C:\\xampp2\\htdocs\\NETIC360APP\\app\\Helpers\\App.php(798): Illuminate\\Support\\Facades\\Facade::__callStatic('remember', Array)
#3 C:\\xampp2\\htdocs\\NETIC360APP\\storage\\framework\\views\\f54e722e1f42bbef86c7ca93016bd001153faca9.php(53): mainMenu()
#4 C:\\xampp2\\htdocs\\NETIC360APP\\vendor\\laravel\\framework\\src\\Illuminate\\Filesystem\\Filesystem.php(107): require('C:\\\\xampp2\\\\htdoc...')
#5 C:\\xampp2\\htdocs\\NETIC360APP\\vendor\\laravel\\framework\\src\\Illuminate\\Filesystem\\Filesystem.php(108): Illuminate\\Filesystem\\Filesystem::Illuminate\\Filesystem\\{closure}()
#6 C:\\xampp2\\htdocs\\NETIC360APP\\vendor\\laravel\\framework\\src\\Illuminate\\View\\Engines\\PhpEngine.php(58): Illuminate\\Filesystem\\Filesystem->getRequire('C:\\\\xampp2\\\\htdoc...', Array)
#7 C:\\xampp2\\htdocs\\NETIC360APP\\vendor\\livewire\\livewire\\src\\ComponentConcerns\\RendersLivewireComponents.php(37): Illuminate\\View\\Engines\\PhpEngine->evaluatePath('C:\\\\xampp2\\\\htdoc...', Array)
#8 C:\\xampp2\\htdocs\\NETIC360APP\\vendor\\laravel\\framework\\src\\Illuminate\\View\\Engines\\CompilerEngine.php(61): Livewire\\CompilerEngineForIgnition->evaluatePath('C:\\\\xampp2\\\\htdoc...', Array)
#9 C:\\xampp2\\htdocs\\NETIC360APP\\vendor\\facade\\ignition\\src\\Views\\Engines\\CompilerEngine.php(37): Illuminate\\View\\Engines\\CompilerEngine->get('C:\\\\xampp2\\\\htdoc...', Array)
#10 C:\\xampp2\\htdocs\\NETIC360APP\\vendor\\laravel\\framework\\src\\Illuminate\\View\\View.php(139): Facade\\Ignition\\Views\\Engines\\CompilerEngine->get('C:\\\\xampp2\\\\htdoc...', Array)
#11 C:\\xampp2\\htdocs\\NETIC360APP\\vendor\\laravel\\framework\\src\\Illuminate\\View\\View.php(122): Illuminate\\View\\View->getContents()
#12 C:\\xampp2\\htdocs\\NETIC360APP\\vendor\\laravel\\framework\\src\\Illuminate\\View\\View.php(91): Illuminate\\View\\View->renderContents()
#13 C:\\xampp2\\htdocs\\NETIC360APP\\storage\\framework\\views\\4b70dae8a192d25595c6e7f0df2136475cf9c40e.php(181): Illuminate\\View\\View->render()
#14 C:\\xampp2\\htdocs\\NETIC360APP\\vendor\\laravel\\framework\\src\\Illuminate\\Filesystem\\Filesystem.php(107): require('C:\\\\xampp2\\\\htdoc...')
#15 C:\\xampp2\\htdocs\\NETIC360APP\\vendor\\laravel\\framework\\src\\Illuminate\\Filesystem\\Filesystem.php(108): Illuminate\\Filesystem\\Filesystem::Illuminate\\Filesystem\\{closure}()
#16 C:\\xampp2\\htdocs\\NETIC360APP\\vendor\\laravel\\framework\\src\\Illuminate\\View\\Engines\\PhpEngine.php(58): Illuminate\\Filesystem\\Filesystem->getRequire('C:\\\\xampp2\\\\htdoc...', Array)
#17 C:\\xampp2\\htdocs\\NETIC360APP\\vendor\\livewire\\livewire\\src\\ComponentConcerns\\RendersLivewireComponents.php(37): Illuminate\\View\\Engines\\PhpEngine->evaluatePath('C:\\\\xampp2\\\\htdoc...', Array)
#18 C:\\xampp2\\htdocs\\NETIC360APP\\vendor\\laravel\\framework\\src\\Illuminate\\View\\Engines\\CompilerEngine.php(61): Livewire\\CompilerEngineForIgnition->evaluatePath('C:\\\\xampp2\\\\htdoc...', Array)
#19 C:\\xampp2\\htdocs\\NETIC360APP\\vendor\\facade\\ignition\\src\\Views\\Engines\\CompilerEngine.php(37): Illuminate\\View\\Engines\\CompilerEngine->get('C:\\\\xampp2\\\\htdoc...', Array)
#20 C:\\xampp2\\htdocs\\NETIC360APP\\vendor\\laravel\\framework\\src\\Illuminate\\View\\View.php(139): Facade\\Ignition\\Views\\Engines\\CompilerEngine->get('C:\\\\xampp2\\\\htdoc...', Array)
#21 C:\\xampp2\\htdocs\\NETIC360APP\\vendor\\laravel\\framework\\src\\Illuminate\\View\\View.php(122): Illuminate\\View\\View->getContents()
#22 C:\\xampp2\\htdocs\\NETIC360APP\\vendor\\laravel\\framework\\src\\Illuminate\\View\\View.php(91): Illuminate\\View\\View->renderContents()
#23 C:\\xampp2\\htdocs\\NETIC360APP\\storage\\framework\\views\\d1f4f23493d1bc81dae20f895292803e0ed4cc5a.php(31): Illuminate\\View\\View->render()
#24 C:\\xampp2\\htdocs\\NETIC360APP\\vendor\\laravel\\framework\\src\\Illuminate\\Filesystem\\Filesystem.php(107): require('C:\\\\xampp2\\\\htdoc...')
#25 C:\\xampp2\\htdocs\\NETIC360APP\\vendor\\laravel\\framework\\src\\Illuminate\\Filesystem\\Filesystem.php(108): Illuminate\\Filesystem\\Filesystem::Illuminate\\Filesystem\\{closure}()
#26 C:\\xampp2\\htdocs\\NETIC360APP\\vendor\\laravel\\framework\\src\\Illuminate\\View\\Engines\\PhpEngine.php(58): Illuminate\\Filesystem\\Filesystem->getRequire('C:\\\\xampp2\\\\htdoc...', Array)
#27 C:\\xampp2\\htdocs\\NETIC360APP\\vendor\\livewire\\livewire\\src\\ComponentConcerns\\RendersLivewireComponents.php(37): Illuminate\\View\\Engines\\PhpEngine->evaluatePath('C:\\\\xampp2\\\\htdoc...', Array)
#28 C:\\xampp2\\htdocs\\NETIC360APP\\vendor\\laravel\\framework\\src\\Illuminate\\View\\Engines\\CompilerEngine.php(61): Livewire\\CompilerEngineForIgnition->evaluatePath('C:\\\\xampp2\\\\htdoc...', Array)
#29 C:\\xampp2\\htdocs\\NETIC360APP\\vendor\\facade\\ignition\\src\\Views\\Engines\\CompilerEngine.php(37): Illuminate\\View\\Engines\\CompilerEngine->get('C:\\\\xampp2\\\\htdoc...', Array)
#30 C:\\xampp2\\htdocs\\NETIC360APP\\vendor\\laravel\\framework\\src\\Illuminate\\View\\View.php(139): Facade\\Ignition\\Views\\Engines\\CompilerEngine->get('C:\\\\xampp2\\\\htdoc...', Array)
#31 C:\\xampp2\\htdocs\\NETIC360APP\\vendor\\laravel\\framework\\src\\Illuminate\\View\\View.php(122): Illuminate\\View\\View->getContents()
#32 C:\\xampp2\\htdocs\\NETIC360APP\\vendor\\laravel\\framework\\src\\Illuminate\\View\\View.php(91): Illuminate\\View\\View->renderContents()
#33 C:\\xampp2\\htdocs\\NETIC360APP\\vendor\\laravel\\framework\\src\\Illuminate\\Http\\Response.php(62): Illuminate\\View\\View->render()
#34 C:\\xampp2\\htdocs\\NETIC360APP\\vendor\\laravel\\framework\\src\\Illuminate\\Http\\Response.php(34): Illuminate\\Http\\Response->setContent(Object(Illuminate\\View\\View))
#35 C:\\xampp2\\htdocs\\NETIC360APP\\vendor\\laravel\\framework\\src\\Illuminate\\Routing\\Router.php(783): Illuminate\\Http\\Response->__construct(Object(Illuminate\\View\\View), 200, Array)
#36 C:\\xampp2\\htdocs\\NETIC360APP\\vendor\\laravel\\framework\\src\\Illuminate\\Routing\\Router.php(753): Illuminate\\Routing\\Router::toResponse(Object(Illuminate\\Http\\Request), Object(Illuminate\\View\\View))
#37 C:\\xampp2\\htdocs\\NETIC360APP\\vendor\\laravel\\framework\\src\\Illuminate\\Routing\\Router.php(693): Illuminate\\Routing\\Router->prepareResponse(Object(Illuminate\\Http\\Request), Object(Illuminate\\View\\View))
#38 C:\\xampp2\\htdocs\\NETIC360APP\\vendor\\laravel\\framework\\src\\Illuminate\\Pipeline\\Pipeline.php(128): Illuminate\\Routing\\Router->Illuminate\\Routing\\{closure}(Object(Illuminate\\Http\\Request))
#39 C:\\xampp2\\htdocs\\NETIC360APP\\app\\Http\\Middleware\\Google2FAMiddleware.php(20): Illuminate\\Pipeline\\Pipeline->Illuminate\\Pipeline\\{closure}(Object(Illuminate\\Http\\Request))
#40 C:\\xampp2\\htdocs\\NETIC360APP\\vendor\\laravel\\framework\\src\\Illuminate\\Pipeline\\Pipeline.php(167): App\\Http\\Middleware\\Google2FAMiddleware->handle(Object(Illuminate\\Http\\Request), Object(Closure))
#41 C:\\xampp2\\htdocs\\NETIC360APP\\vendor\\laravel\\framework\\src\\Illuminate\\Auth\\Middleware\\EnsureEmailIsVerified.php(30): Illuminate\\Pipeline\\Pipeline->Illuminate\\Pipeline\\{closure}(Object(Illuminate\\Http\\Request))
#42 C:\\xampp2\\htdocs\\NETIC360APP\\vendor\\laravel\\framework\\src\\Illuminate\\Pipeline\\Pipeline.php(167): Illuminate\\Auth\\Middleware\\EnsureEmailIsVerified->handle(Object(Illuminate\\Http\\Request), Object(Closure))
#43 C:\\xampp2\\htdocs\\NETIC360APP\\app\\Http\\Middleware\\CheckInstalled.php(36): Illuminate\\Pipeline\\Pipeline->Illuminate\\Pipeline\\{closure}(Object(Illuminate\\Http\\Request))
#44 C:\\xampp2\\htdocs\\NETIC360APP\\vendor\\laravel\\framework\\src\\Illuminate\\Pipeline\\Pipeline.php(167): App\\Http\\Middleware\\CheckInstalled->handle(Object(Illuminate\\Http\\Request), Object(Closure))
#45 C:\\xampp2\\htdocs\\NETIC360APP\\app\\Http\\Middleware\\CheckBanned.php(17): Illuminate\\Pipeline\\Pipeline->Illuminate\\Pipeline\\{closure}(Object(Illuminate\\Http\\Request))
#46 C:\\xampp2\\htdocs\\NETIC360APP\\vendor\\laravel\\framework\\src\\Illuminate\\Pipeline\\Pipeline.php(167): App\\Http\\Middleware\\CheckBanned->handle(Object(Illuminate\\Http\\Request), Object(Closure))
#47 C:\\xampp2\\htdocs\\NETIC360APP\\app\\Http\\Middleware\\Workice.php(24): Illuminate\\Pipeline\\Pipeline->Illuminate\\Pipeline\\{closure}(Object(Illuminate\\Http\\Request))
#48 C:\\xampp2\\htdocs\\NETIC360APP\\vendor\\laravel\\framework\\src\\Illuminate\\Pipeline\\Pipeline.php(167): App\\Http\\Middleware\\Workice->handle(Object(Illuminate\\Http\\Request), Object(Closure))
#49 C:\\xampp2\\htdocs\\NETIC360APP\\app\\Http\\Middleware\\Locale.php(31): Illuminate\\Pipeline\\Pipeline->Illuminate\\Pipeline\\{closure}(Object(Illuminate\\Http\\Request))
#50 C:\\xampp2\\htdocs\\NETIC360APP\\vendor\\laravel\\framework\\src\\Illuminate\\Pipeline\\Pipeline.php(167): App\\Http\\Middleware\\Locale->handle(Object(Illuminate\\Http\\Request), Object(Closure))
#51 C:\\xampp2\\htdocs\\NETIC360APP\\vendor\\laravel\\passport\\src\\Http\\Middleware\\CreateFreshApiToken.php(50): Illuminate\\Pipeline\\Pipeline->Illuminate\\Pipeline\\{closure}(Object(Illuminate\\Http\\Request))
#52 C:\\xampp2\\htdocs\\NETIC360APP\\vendor\\laravel\\framework\\src\\Illuminate\\Pipeline\\Pipeline.php(167): Laravel\\Passport\\Http\\Middleware\\CreateFreshApiToken->handle(Object(Illuminate\\Http\\Request), Object(Closure))
#53 C:\\xampp2\\htdocs\\NETIC360APP\\vendor\\laravel\\framework\\src\\Illuminate\\Routing\\Middleware\\SubstituteBindings.php(50): Illuminate\\Pipeline\\Pipeline->Illuminate\\Pipeline\\{closure}(Object(Illuminate\\Http\\Request))
#54 C:\\xampp2\\htdocs\\NETIC360APP\\vendor\\laravel\\framework\\src\\Illuminate\\Pipeline\\Pipeline.php(167): Illuminate\\Routing\\Middleware\\SubstituteBindings->handle(Object(Illuminate\\Http\\Request), Object(Closure))
#55 C:\\xampp2\\htdocs\\NETIC360APP\\vendor\\laravel\\framework\\src\\Illuminate\\Auth\\Middleware\\Authenticate.php(44): Illuminate\\Pipeline\\Pipeline->Illuminate\\Pipeline\\{closure}(Object(Illuminate\\Http\\Request))
#56 C:\\xampp2\\htdocs\\NETIC360APP\\vendor\\laravel\\framework\\src\\Illuminate\\Pipeline\\Pipeline.php(167): Illuminate\\Auth\\Middleware\\Authenticate->handle(Object(Illuminate\\Http\\Request), Object(Closure))
#57 C:\\xampp2\\htdocs\\NETIC360APP\\vendor\\laravel\\framework\\src\\Illuminate\\Foundation\\Http\\Middleware\\VerifyCsrfToken.php(78): Illuminate\\Pipeline\\Pipeline->Illuminate\\Pipeline\\{closure}(Object(Illuminate\\Http\\Request))
#58 C:\\xampp2\\htdocs\\NETIC360APP\\vendor\\laravel\\framework\\src\\Illuminate\\Pipeline\\Pipeline.php(167): Illuminate\\Foundation\\Http\\Middleware\\VerifyCsrfToken->handle(Object(Illuminate\\Http\\Request), Object(Closure))
#59 C:\\xampp2\\htdocs\\NETIC360APP\\vendor\\laravel\\framework\\src\\Illuminate\\View\\Middleware\\ShareErrorsFromSession.php(49): Illuminate\\Pipeline\\Pipeline->Illuminate\\Pipeline\\{closure}(Object(Illuminate\\Http\\Request))
#60 C:\\xampp2\\htdocs\\NETIC360APP\\vendor\\laravel\\framework\\src\\Illuminate\\Pipeline\\Pipeline.php(167): Illuminate\\View\\Middleware\\ShareErrorsFromSession->handle(Object(Illuminate\\Http\\Request), Object(Closure))
#61 C:\\xampp2\\htdocs\\NETIC360APP\\vendor\\laravel\\framework\\src\\Illuminate\\Session\\Middleware\\StartSession.php(121): Illuminate\\Pipeline\\Pipeline->Illuminate\\Pipeline\\{closure}(Object(Illuminate\\Http\\Request))
#62 C:\\xampp2\\htdocs\\NETIC360APP\\vendor\\laravel\\framework\\src\\Illuminate\\Session\\Middleware\\StartSession.php(63): Illuminate\\Session\\Middleware\\StartSession->handleStatefulRequest(Object(Illuminate\\Http\\Request), Object(Illuminate\\Session\\Store), Object(Closure))
#63 C:\\xampp2\\htdocs\\NETIC360APP\\vendor\\laravel\\framework\\src\\Illuminate\\Pipeline\\Pipeline.php(167): Illuminate\\Session\\Middleware\\StartSession->handle(Object(Illuminate\\Http\\Request), Object(Closure))
#64 C:\\xampp2\\htdocs\\NETIC360APP\\vendor\\laravel\\framework\\src\\Illuminate\\Cookie\\Middleware\\AddQueuedCookiesToResponse.php(37): Illuminate\\Pipeline\\Pipeline->Illuminate\\Pipeline\\{closure}(Object(Illuminate\\Http\\Request))
#65 C:\\xampp2\\htdocs\\NETIC360APP\\vendor\\laravel\\framework\\src\\Illuminate\\Pipeline\\Pipeline.php(167): Illuminate\\Cookie\\Middleware\\AddQueuedCookiesToResponse->handle(Object(Illuminate\\Http\\Request), Object(Closure))
#66 C:\\xampp2\\htdocs\\NETIC360APP\\vendor\\laravel\\framework\\src\\Illuminate\\Cookie\\Middleware\\EncryptCookies.php(67): Illuminate\\Pipeline\\Pipeline->Illuminate\\Pipeline\\{closure}(Object(Illuminate\\Http\\Request))
#67 C:\\xampp2\\htdocs\\NETIC360APP\\vendor\\laravel\\framework\\src\\Illuminate\\Pipeline\\Pipeline.php(167): Illuminate\\Cookie\\Middleware\\EncryptCookies->handle(Object(Illuminate\\Http\\Request), Object(Closure))
#68 C:\\xampp2\\htdocs\\NETIC360APP\\vendor\\laravel\\framework\\src\\Illuminate\\Pipeline\\Pipeline.php(103): Illuminate\\Pipeline\\Pipeline->Illuminate\\Pipeline\\{closure}(Object(Illuminate\\Http\\Request))
#69 C:\\xampp2\\htdocs\\NETIC360APP\\vendor\\laravel\\framework\\src\\Illuminate\\Routing\\Router.php(695): Illuminate\\Pipeline\\Pipeline->then(Object(Closure))
#70 C:\\xampp2\\htdocs\\NETIC360APP\\vendor\\laravel\\framework\\src\\Illuminate\\Routing\\Router.php(670): Illuminate\\Routing\\Router->runRouteWithinStack(Object(Illuminate\\Routing\\Route), Object(Illuminate\\Http\\Request))
#71 C:\\xampp2\\htdocs\\NETIC360APP\\vendor\\laravel\\framework\\src\\Illuminate\\Routing\\Router.php(636): Illuminate\\Routing\\Router->runRoute(Object(Illuminate\\Http\\Request), Object(Illuminate\\Routing\\Route))
#72 C:\\xampp2\\htdocs\\NETIC360APP\\vendor\\laravel\\framework\\src\\Illuminate\\Routing\\Router.php(625): Illuminate\\Routing\\Router->dispatchToRoute(Object(Illuminate\\Http\\Request))
#73 C:\\xampp2\\htdocs\\NETIC360APP\\vendor\\laravel\\framework\\src\\Illuminate\\Foundation\\Http\\Kernel.php(166): Illuminate\\Routing\\Router->dispatch(Object(Illuminate\\Http\\Request))
#74 C:\\xampp2\\htdocs\\NETIC360APP\\vendor\\laravel\\framework\\src\\Illuminate\\Pipeline\\Pipeline.php(128): Illuminate\\Foundation\\Http\\Kernel->Illuminate\\Foundation\\Http\\{closure}(Object(Illuminate\\Http\\Request))
#75 C:\\xampp2\\htdocs\\NETIC360APP\\vendor\\barryvdh\\laravel-debugbar\\src\\Middleware\\InjectDebugbar.php(60): Illuminate\\Pipeline\\Pipeline->Illuminate\\Pipeline\\{closure}(Object(Illuminate\\Http\\Request))
#76 C:\\xampp2\\htdocs\\NETIC360APP\\vendor\\laravel\\framework\\src\\Illuminate\\Pipeline\\Pipeline.php(167): Barryvdh\\Debugbar\\Middleware\\InjectDebugbar->handle(Object(Illuminate\\Http\\Request), Object(Closure))
#77 C:\\xampp2\\htdocs\\NETIC360APP\\app\\Http\\Middleware\\OverrideConfig.php(21): Illuminate\\Pipeline\\Pipeline->Illuminate\\Pipeline\\{closure}(Object(Illuminate\\Http\\Request))
#78 C:\\xampp2\\htdocs\\NETIC360APP\\vendor\\laravel\\framework\\src\\Illuminate\\Pipeline\\Pipeline.php(167): App\\Http\\Middleware\\OverrideConfig->handle(Object(Illuminate\\Http\\Request), Object(Closure))
#79 C:\\xampp2\\htdocs\\NETIC360APP\\vendor\\fideloper\\proxy\\src\\TrustProxies.php(57): Illuminate\\Pipeline\\Pipeline->Illuminate\\Pipeline\\{closure}(Object(Illuminate\\Http\\Request))
#80 C:\\xampp2\\htdocs\\NETIC360APP\\vendor\\laravel\\framework\\src\\Illuminate\\Pipeline\\Pipeline.php(167): Fideloper\\Proxy\\TrustProxies->handle(Object(Illuminate\\Http\\Request), Object(Closure))
#81 C:\\xampp2\\htdocs\\NETIC360APP\\vendor\\bepsvpt\\secure-headers\\src\\SecureHeadersMiddleware.php(21): Illuminate\\Pipeline\\Pipeline->Illuminate\\Pipeline\\{closure}(Object(Illuminate\\Http\\Request))
#82 C:\\xampp2\\htdocs\\NETIC360APP\\vendor\\laravel\\framework\\src\\Illuminate\\Pipeline\\Pipeline.php(167): Bepsvpt\\SecureHeaders\\SecureHeadersMiddleware->handle(Object(Illuminate\\Http\\Request), Object(Closure))
#83 C:\\xampp2\\htdocs\\NETIC360APP\\app\\Http\\Middleware\\FilterIfPjax.php(27): Illuminate\\Pipeline\\Pipeline->Illuminate\\Pipeline\\{closure}(Object(Illuminate\\Http\\Request))
#84 C:\\xampp2\\htdocs\\NETIC360APP\\vendor\\laravel\\framework\\src\\Illuminate\\Pipeline\\Pipeline.php(167): App\\Http\\Middleware\\FilterIfPjax->handle(Object(Illuminate\\Http\\Request), Object(Closure))
#85 C:\\xampp2\\htdocs\\NETIC360APP\\app\\Http\\Middleware\\CheckXSS.php(33): Illuminate\\Pipeline\\Pipeline->Illuminate\\Pipeline\\{closure}(Object(Illuminate\\Http\\Request))
#86 C:\\xampp2\\htdocs\\NETIC360APP\\vendor\\laravel\\framework\\src\\Illuminate\\Pipeline\\Pipeline.php(167): App\\Http\\Middleware\\CheckXSS->handle(Object(Illuminate\\Http\\Request), Object(Closure))
#87 C:\\xampp2\\htdocs\\NETIC360APP\\vendor\enatomarinho\\laravel-page-speed\\src\\Middleware\\PageSpeed.php(28): Illuminate\\Pipeline\\Pipeline->Illuminate\\Pipeline\\{closure}(Object(Illuminate\\Http\\Request))
#88 C:\\xampp2\\htdocs\\NETIC360APP\\vendor\\laravel\\framework\\src\\Illuminate\\Pipeline\\Pipeline.php(167): RenatoMarinho\\LaravelPageSpeed\\Middleware\\PageSpeed->handle(Object(Illuminate\\Http\\Request), Object(Closure))
#89 C:\\xampp2\\htdocs\\NETIC360APP\\vendor\enatomarinho\\laravel-page-speed\\src\\Middleware\\PageSpeed.php(28): Illuminate\\Pipeline\\Pipeline->Illuminate\\Pipeline\\{closure}(Object(Illuminate\\Http\\Request))
#90 C:\\xampp2\\htdocs\\NETIC360APP\\vendor\\laravel\\framework\\src\\Illuminate\\Pipeline\\Pipeline.php(167): RenatoMarinho\\LaravelPageSpeed\\Middleware\\PageSpeed->handle(Object(Illuminate\\Http\\Request), Object(Closure))
#91 C:\\xampp2\\htdocs\\NETIC360APP\\vendor\enatomarinho\\laravel-page-speed\\src\\Middleware\\PageSpeed.php(28): Illuminate\\Pipeline\\Pipeline->Illuminate\\Pipeline\\{closure}(Object(Illuminate\\Http\\Request))
#92 C:\\xampp2\\htdocs\\NETIC360APP\\vendor\\laravel\\framework\\src\\Illuminate\\Pipeline\\Pipeline.php(167): RenatoMarinho\\LaravelPageSpeed\\Middleware\\PageSpeed->handle(Object(Illuminate\\Http\\Request), Object(Closure))
#93 C:\\xampp2\\htdocs\\NETIC360APP\\vendor\\laravel\\framework\\src\\Illuminate\\Foundation\\Http\\Middleware\\TransformsRequest.php(21): Illuminate\\Pipeline\\Pipeline->Illuminate\\Pipeline\\{closure}(Object(Illuminate\\Http\\Request))
#94 C:\\xampp2\\htdocs\\NETIC360APP\\vendor\\laravel\\framework\\src\\Illuminate\\Pipeline\\Pipeline.php(167): Illuminate\\Foundation\\Http\\Middleware\\TransformsRequest->handle(Object(Illuminate\\Http\\Request), Object(Closure))
#95 C:\\xampp2\\htdocs\\NETIC360APP\\vendor\\laravel\\framework\\src\\Illuminate\\Foundation\\Http\\Middleware\\TransformsRequest.php(21): Illuminate\\Pipeline\\Pipeline->Illuminate\\Pipeline\\{closure}(Object(Illuminate\\Http\\Request))
#96 C:\\xampp2\\htdocs\\NETIC360APP\\vendor\\laravel\\framework\\src\\Illuminate\\Pipeline\\Pipeline.php(167): Illuminate\\Foundation\\Http\\Middleware\\TransformsRequest->handle(Object(Illuminate\\Http\\Request), Object(Closure))
#97 C:\\xampp2\\htdocs\\NETIC360APP\\vendor\\laravel\\framework\\src\\Illuminate\\Foundation\\Http\\Middleware\\ValidatePostSize.php(27): Illuminate\\Pipeline\\Pipeline->Illuminate\\Pipeline\\{closure}(Object(Illuminate\\Http\\Request))
#98 C:\\xampp2\\htdocs\\NETIC360APP\\vendor\\laravel\\framework\\src\\Illuminate\\Pipeline\\Pipeline.php(167): Illuminate\\Foundation\\Http\\Middleware\\ValidatePostSize->handle(Object(Illuminate\\Http\\Request), Object(Closure))
#99 C:\\xampp2\\htdocs\\NETIC360APP\\vendor\\laravel\\framework\\src\\Illuminate\\Foundation\\Http\\Middleware\\PreventRequestsDuringMaintenance.php(86): Illuminate\\Pipeline\\Pipeline->Illuminate\\Pipeline\\{closure}(Object(Illuminate\\Http\\Request))
#100 C:\\xampp2\\htdocs\\NETIC360APP\\vendor\\laravel\\framework\\src\\Illuminate\\Pipeline\\Pipeline.php(167): Illuminate\\Foundation\\Http\\Middleware\\PreventRequestsDuringMaintenance->handle(Object(Illuminate\\Http\\Request), Object(Closure))
#101 C:\\xampp2\\htdocs\\NETIC360APP\\vendor\\laravel\\framework\\src\\Illuminate\\Pipeline\\Pipeline.php(103): Illuminate\\Pipeline\\Pipeline->Illuminate\\Pipeline\\{closure}(Object(Illuminate\\Http\\Request))
#102 C:\\xampp2\\htdocs\\NETIC360APP\\vendor\\laravel\\framework\\src\\Illuminate\\Foundation\\Http\\Kernel.php(141): Illuminate\\Pipeline\\Pipeline->then(Object(Closure))
#103 C:\\xampp2\\htdocs\\NETIC360APP\\vendor\\laravel\\framework\\src\\Illuminate\\Foundation\\Http\\Kernel.php(110): Illuminate\\Foundation\\Http\\Kernel->sendRequestThroughRouter(Object(Illuminate\\Http\\Request))
#104 C:\\xampp2\\htdocs\\NETIC360APP\\public\\index.php(54): Illuminate\\Foundation\\Http\\Kernel->handle(Object(Illuminate\\Http\\Request))
#105 C:\\xampp2\\htdocs\\NETIC360APP\\server.php(21): require_once('C:\\\\xampp2\\\\htdoc...')
#106 {main}
"} 
